2025-06-18 14:57:21.682 +07:00 [INF] Migrating database...
2025-06-18 14:57:22.649 +07:00 [INF] Executed DbCommand (23ms) [Parameters=[], CommandType='"Text"', CommandTimeout='30']
SELECT 1
2025-06-18 14:57:22.685 +07:00 [INF] Executed DbCommand (21ms) [Parameters=[], CommandType='"Text"', CommandTimeout='30']
SELECT OBJECT_ID(N'[__EFMigrationsHistory]');
2025-06-18 14:57:22.691 +07:00 [INF] Executed DbCommand (1ms) [Parameters=[], CommandType='"Text"', CommandTimeout='30']
SELECT 1
2025-06-18 14:57:22.694 +07:00 [INF] Executed DbCommand (1ms) [Parameters=[], CommandType='"Text"', CommandTimeout='30']
SELECT OBJECT_ID(N'[__EFMigrationsHistory]');
2025-06-18 14:57:22.728 +07:00 [INF] Executed DbCommand (21ms) [Parameters=[], CommandType='"Text"', CommandTimeout='30']
SELECT [MigrationId], [ProductVersion]
FROM [__EFMigrationsHistory]
ORDER BY [MigrationId];
2025-06-18 14:57:22.750 +07:00 [INF] No migrations were applied. The database is already up to date.
2025-06-18 14:57:23.037 +07:00 [INF] Executed DbCommand (78ms) [Parameters=[@__normalizedName_0='?' (Size = 256)], CommandType='"Text"', CommandTimeout='30']
SELECT TOP(1) [a].[Id], [a].[ConcurrencyStamp], [a].[Name], [a].[NormalizedName]
FROM [AspNetRoles] AS [a]
WHERE [a].[NormalizedName] = @__normalizedName_0
2025-06-18 14:57:23.081 +07:00 [INF] Executed DbCommand (1ms) [Parameters=[@__normalizedName_0='?' (Size = 256)], CommandType='"Text"', CommandTimeout='30']
SELECT TOP(1) [a].[Id], [a].[ConcurrencyStamp], [a].[Name], [a].[NormalizedName]
FROM [AspNetRoles] AS [a]
WHERE [a].[NormalizedName] = @__normalizedName_0
2025-06-18 14:57:23.103 +07:00 [INF] Executed DbCommand (9ms) [Parameters=[@__normalizedEmail_0='?' (Size = 256)], CommandType='"Text"', CommandTimeout='30']
SELECT TOP(2) [a].[Id], [a].[AccessFailedCount], [a].[AvatarUrl], [a].[Bio], [a].[ConcurrencyStamp], [a].[CreatedAt], [a].[DisplayName], [a].[Email], [a].[EmailConfirmed], [a].[IsOnline], [a].[LastActive], [a].[LockoutEnabled], [a].[LockoutEnd], [a].[NormalizedEmail], [a].[NormalizedUserName], [a].[PasswordHash], [a].[PhoneNumber], [a].[PhoneNumberConfirmed], [a].[SecurityStamp], [a].[TwoFactorEnabled], [a].[UserName]
FROM [AspNetUsers] AS [a]
WHERE [a].[NormalizedEmail] = @__normalizedEmail_0
2025-06-18 14:57:23.163 +07:00 [INF] Executed DbCommand (1ms) [Parameters=[@__normalizedEmail_0='?' (Size = 256)], CommandType='"Text"', CommandTimeout='30']
SELECT TOP(2) [a].[Id], [a].[AccessFailedCount], [a].[AvatarUrl], [a].[Bio], [a].[ConcurrencyStamp], [a].[CreatedAt], [a].[DisplayName], [a].[Email], [a].[EmailConfirmed], [a].[IsOnline], [a].[LastActive], [a].[LockoutEnabled], [a].[LockoutEnd], [a].[NormalizedEmail], [a].[NormalizedUserName], [a].[PasswordHash], [a].[PhoneNumber], [a].[PhoneNumberConfirmed], [a].[SecurityStamp], [a].[TwoFactorEnabled], [a].[UserName]
FROM [AspNetUsers] AS [a]
WHERE [a].[NormalizedEmail] = @__normalizedEmail_0
2025-06-18 14:57:23.167 +07:00 [INF] Executed DbCommand (0ms) [Parameters=[@__normalizedEmail_0='?' (Size = 256)], CommandType='"Text"', CommandTimeout='30']
SELECT TOP(2) [a].[Id], [a].[AccessFailedCount], [a].[AvatarUrl], [a].[Bio], [a].[ConcurrencyStamp], [a].[CreatedAt], [a].[DisplayName], [a].[Email], [a].[EmailConfirmed], [a].[IsOnline], [a].[LastActive], [a].[LockoutEnabled], [a].[LockoutEnd], [a].[NormalizedEmail], [a].[NormalizedUserName], [a].[PasswordHash], [a].[PhoneNumber], [a].[PhoneNumberConfirmed], [a].[SecurityStamp], [a].[TwoFactorEnabled], [a].[UserName]
FROM [AspNetUsers] AS [a]
WHERE [a].[NormalizedEmail] = @__normalizedEmail_0
2025-06-18 14:57:23.171 +07:00 [INF] Executed DbCommand (1ms) [Parameters=[@__normalizedEmail_0='?' (Size = 256)], CommandType='"Text"', CommandTimeout='30']
SELECT TOP(2) [a].[Id], [a].[AccessFailedCount], [a].[AvatarUrl], [a].[Bio], [a].[ConcurrencyStamp], [a].[CreatedAt], [a].[DisplayName], [a].[Email], [a].[EmailConfirmed], [a].[IsOnline], [a].[LastActive], [a].[LockoutEnabled], [a].[LockoutEnd], [a].[NormalizedEmail], [a].[NormalizedUserName], [a].[PasswordHash], [a].[PhoneNumber], [a].[PhoneNumberConfirmed], [a].[SecurityStamp], [a].[TwoFactorEnabled], [a].[UserName]
FROM [AspNetUsers] AS [a]
WHERE [a].[NormalizedEmail] = @__normalizedEmail_0
2025-06-18 14:57:23.175 +07:00 [INF] Executed DbCommand (1ms) [Parameters=[@__normalizedEmail_0='?' (Size = 256)], CommandType='"Text"', CommandTimeout='30']
SELECT TOP(2) [a].[Id], [a].[AccessFailedCount], [a].[AvatarUrl], [a].[Bio], [a].[ConcurrencyStamp], [a].[CreatedAt], [a].[DisplayName], [a].[Email], [a].[EmailConfirmed], [a].[IsOnline], [a].[LastActive], [a].[LockoutEnabled], [a].[LockoutEnd], [a].[NormalizedEmail], [a].[NormalizedUserName], [a].[PasswordHash], [a].[PhoneNumber], [a].[PhoneNumberConfirmed], [a].[SecurityStamp], [a].[TwoFactorEnabled], [a].[UserName]
FROM [AspNetUsers] AS [a]
WHERE [a].[NormalizedEmail] = @__normalizedEmail_0
2025-06-18 14:57:23.179 +07:00 [INF] Executed DbCommand (1ms) [Parameters=[@__normalizedEmail_0='?' (Size = 256)], CommandType='"Text"', CommandTimeout='30']
SELECT TOP(2) [a].[Id], [a].[AccessFailedCount], [a].[AvatarUrl], [a].[Bio], [a].[ConcurrencyStamp], [a].[CreatedAt], [a].[DisplayName], [a].[Email], [a].[EmailConfirmed], [a].[IsOnline], [a].[LastActive], [a].[LockoutEnabled], [a].[LockoutEnd], [a].[NormalizedEmail], [a].[NormalizedUserName], [a].[PasswordHash], [a].[PhoneNumber], [a].[PhoneNumberConfirmed], [a].[SecurityStamp], [a].[TwoFactorEnabled], [a].[UserName]
FROM [AspNetUsers] AS [a]
WHERE [a].[NormalizedEmail] = @__normalizedEmail_0
2025-06-18 14:57:23.202 +07:00 [INF] Executed DbCommand (4ms) [Parameters=[], CommandType='"Text"', CommandTimeout='30']
SELECT CASE
    WHEN EXISTS (
        SELECT 1
        FROM [Chats] AS [c]) THEN CAST(1 AS bit)
    ELSE CAST(0 AS bit)
END
2025-06-18 14:57:23.207 +07:00 [INF] Database initialized successfully
2025-06-18 14:57:23.334 +07:00 [WRN] The WebRootPath was not found: D:\Work\ProfessionalProject\Zingle-App\server\Zingle.API\wwwroot. Static files may be unavailable.
2025-06-18 14:57:23.365 +07:00 [INF] Now listening on: http://localhost:5024
2025-06-18 14:57:23.366 +07:00 [INF] Application started. Press Ctrl+C to shut down.
2025-06-18 14:57:23.367 +07:00 [INF] Hosting environment: Development
2025-06-18 14:57:23.369 +07:00 [INF] Content root path: D:\Work\ProfessionalProject\Zingle-App\server\Zingle.API
2025-06-18 14:58:20.670 +07:00 [WRN] Failed to determine the https port for redirect.
2025-06-18 14:58:21.517 +07:00 [WRN] CORS headers missing in response for GET /api/healthcheck
2025-06-18 15:00:31.210 +07:00 [INF] Migrating database...
2025-06-18 15:00:31.467 +07:00 [INF] Executed DbCommand (26ms) [Parameters=[], CommandType='"Text"', CommandTimeout='30']
SELECT 1
2025-06-18 15:00:31.503 +07:00 [INF] Executed DbCommand (19ms) [Parameters=[], CommandType='"Text"', CommandTimeout='30']
SELECT OBJECT_ID(N'[__EFMigrationsHistory]');
2025-06-18 15:00:31.507 +07:00 [INF] Executed DbCommand (1ms) [Parameters=[], CommandType='"Text"', CommandTimeout='30']
SELECT 1
2025-06-18 15:00:31.510 +07:00 [INF] Executed DbCommand (1ms) [Parameters=[], CommandType='"Text"', CommandTimeout='30']
SELECT OBJECT_ID(N'[__EFMigrationsHistory]');
2025-06-18 15:00:31.529 +07:00 [INF] Executed DbCommand (7ms) [Parameters=[], CommandType='"Text"', CommandTimeout='30']
SELECT [MigrationId], [ProductVersion]
FROM [__EFMigrationsHistory]
ORDER BY [MigrationId];
2025-06-18 15:00:31.546 +07:00 [INF] No migrations were applied. The database is already up to date.
2025-06-18 15:00:31.771 +07:00 [INF] Executed DbCommand (12ms) [Parameters=[@__normalizedName_0='?' (Size = 256)], CommandType='"Text"', CommandTimeout='30']
SELECT TOP(1) [a].[Id], [a].[ConcurrencyStamp], [a].[Name], [a].[NormalizedName]
FROM [AspNetRoles] AS [a]
WHERE [a].[NormalizedName] = @__normalizedName_0
2025-06-18 15:00:31.809 +07:00 [INF] Executed DbCommand (1ms) [Parameters=[@__normalizedName_0='?' (Size = 256)], CommandType='"Text"', CommandTimeout='30']
SELECT TOP(1) [a].[Id], [a].[ConcurrencyStamp], [a].[Name], [a].[NormalizedName]
FROM [AspNetRoles] AS [a]
WHERE [a].[NormalizedName] = @__normalizedName_0
2025-06-18 15:00:31.824 +07:00 [INF] Executed DbCommand (3ms) [Parameters=[@__normalizedEmail_0='?' (Size = 256)], CommandType='"Text"', CommandTimeout='30']
SELECT TOP(2) [a].[Id], [a].[AccessFailedCount], [a].[AvatarUrl], [a].[Bio], [a].[ConcurrencyStamp], [a].[CreatedAt], [a].[DisplayName], [a].[Email], [a].[EmailConfirmed], [a].[IsOnline], [a].[LastActive], [a].[LockoutEnabled], [a].[LockoutEnd], [a].[NormalizedEmail], [a].[NormalizedUserName], [a].[PasswordHash], [a].[PhoneNumber], [a].[PhoneNumberConfirmed], [a].[SecurityStamp], [a].[TwoFactorEnabled], [a].[UserName]
FROM [AspNetUsers] AS [a]
WHERE [a].[NormalizedEmail] = @__normalizedEmail_0
2025-06-18 15:00:31.887 +07:00 [INF] Executed DbCommand (1ms) [Parameters=[@__normalizedEmail_0='?' (Size = 256)], CommandType='"Text"', CommandTimeout='30']
SELECT TOP(2) [a].[Id], [a].[AccessFailedCount], [a].[AvatarUrl], [a].[Bio], [a].[ConcurrencyStamp], [a].[CreatedAt], [a].[DisplayName], [a].[Email], [a].[EmailConfirmed], [a].[IsOnline], [a].[LastActive], [a].[LockoutEnabled], [a].[LockoutEnd], [a].[NormalizedEmail], [a].[NormalizedUserName], [a].[PasswordHash], [a].[PhoneNumber], [a].[PhoneNumberConfirmed], [a].[SecurityStamp], [a].[TwoFactorEnabled], [a].[UserName]
FROM [AspNetUsers] AS [a]
WHERE [a].[NormalizedEmail] = @__normalizedEmail_0
2025-06-18 15:00:31.890 +07:00 [INF] Executed DbCommand (0ms) [Parameters=[@__normalizedEmail_0='?' (Size = 256)], CommandType='"Text"', CommandTimeout='30']
SELECT TOP(2) [a].[Id], [a].[AccessFailedCount], [a].[AvatarUrl], [a].[Bio], [a].[ConcurrencyStamp], [a].[CreatedAt], [a].[DisplayName], [a].[Email], [a].[EmailConfirmed], [a].[IsOnline], [a].[LastActive], [a].[LockoutEnabled], [a].[LockoutEnd], [a].[NormalizedEmail], [a].[NormalizedUserName], [a].[PasswordHash], [a].[PhoneNumber], [a].[PhoneNumberConfirmed], [a].[SecurityStamp], [a].[TwoFactorEnabled], [a].[UserName]
FROM [AspNetUsers] AS [a]
WHERE [a].[NormalizedEmail] = @__normalizedEmail_0
2025-06-18 15:00:31.892 +07:00 [INF] Executed DbCommand (0ms) [Parameters=[@__normalizedEmail_0='?' (Size = 256)], CommandType='"Text"', CommandTimeout='30']
SELECT TOP(2) [a].[Id], [a].[AccessFailedCount], [a].[AvatarUrl], [a].[Bio], [a].[ConcurrencyStamp], [a].[CreatedAt], [a].[DisplayName], [a].[Email], [a].[EmailConfirmed], [a].[IsOnline], [a].[LastActive], [a].[LockoutEnabled], [a].[LockoutEnd], [a].[NormalizedEmail], [a].[NormalizedUserName], [a].[PasswordHash], [a].[PhoneNumber], [a].[PhoneNumberConfirmed], [a].[SecurityStamp], [a].[TwoFactorEnabled], [a].[UserName]
FROM [AspNetUsers] AS [a]
WHERE [a].[NormalizedEmail] = @__normalizedEmail_0
2025-06-18 15:00:31.896 +07:00 [INF] Executed DbCommand (0ms) [Parameters=[@__normalizedEmail_0='?' (Size = 256)], CommandType='"Text"', CommandTimeout='30']
SELECT TOP(2) [a].[Id], [a].[AccessFailedCount], [a].[AvatarUrl], [a].[Bio], [a].[ConcurrencyStamp], [a].[CreatedAt], [a].[DisplayName], [a].[Email], [a].[EmailConfirmed], [a].[IsOnline], [a].[LastActive], [a].[LockoutEnabled], [a].[LockoutEnd], [a].[NormalizedEmail], [a].[NormalizedUserName], [a].[PasswordHash], [a].[PhoneNumber], [a].[PhoneNumberConfirmed], [a].[SecurityStamp], [a].[TwoFactorEnabled], [a].[UserName]
FROM [AspNetUsers] AS [a]
WHERE [a].[NormalizedEmail] = @__normalizedEmail_0
2025-06-18 15:00:31.899 +07:00 [INF] Executed DbCommand (0ms) [Parameters=[@__normalizedEmail_0='?' (Size = 256)], CommandType='"Text"', CommandTimeout='30']
SELECT TOP(2) [a].[Id], [a].[AccessFailedCount], [a].[AvatarUrl], [a].[Bio], [a].[ConcurrencyStamp], [a].[CreatedAt], [a].[DisplayName], [a].[Email], [a].[EmailConfirmed], [a].[IsOnline], [a].[LastActive], [a].[LockoutEnabled], [a].[LockoutEnd], [a].[NormalizedEmail], [a].[NormalizedUserName], [a].[PasswordHash], [a].[PhoneNumber], [a].[PhoneNumberConfirmed], [a].[SecurityStamp], [a].[TwoFactorEnabled], [a].[UserName]
FROM [AspNetUsers] AS [a]
WHERE [a].[NormalizedEmail] = @__normalizedEmail_0
2025-06-18 15:00:31.916 +07:00 [INF] Executed DbCommand (2ms) [Parameters=[], CommandType='"Text"', CommandTimeout='30']
SELECT CASE
    WHEN EXISTS (
        SELECT 1
        FROM [Chats] AS [c]) THEN CAST(1 AS bit)
    ELSE CAST(0 AS bit)
END
2025-06-18 15:00:31.922 +07:00 [INF] Database initialized successfully
2025-06-18 15:00:31.969 +07:00 [WRN] The WebRootPath was not found: D:\Work\ProfessionalProject\Zingle-App\server\Zingle.API\wwwroot. Static files may be unavailable.
2025-06-18 15:00:31.992 +07:00 [INF] Now listening on: http://localhost:5024
2025-06-18 15:00:31.993 +07:00 [INF] Application started. Press Ctrl+C to shut down.
2025-06-18 15:00:31.995 +07:00 [INF] Hosting environment: Development
2025-06-18 15:00:31.996 +07:00 [INF] Content root path: D:\Work\ProfessionalProject\Zingle-App\server\Zingle.API
2025-06-18 15:01:00.196 +07:00 [WRN] Failed to determine the https port for redirect.
2025-06-18 15:01:00.252 +07:00 [WRN] CORS headers missing in response for GET /api/healthcheck
2025-06-18 15:01:00.322 +07:00 [INF] Executed DbCommand (3ms) [Parameters=[@__normalizedEmail_0='?' (Size = 256)], CommandType='"Text"', CommandTimeout='30']
SELECT TOP(2) [a].[Id], [a].[AccessFailedCount], [a].[AvatarUrl], [a].[Bio], [a].[ConcurrencyStamp], [a].[CreatedAt], [a].[DisplayName], [a].[Email], [a].[EmailConfirmed], [a].[IsOnline], [a].[LastActive], [a].[LockoutEnabled], [a].[LockoutEnd], [a].[NormalizedEmail], [a].[NormalizedUserName], [a].[PasswordHash], [a].[PhoneNumber], [a].[PhoneNumberConfirmed], [a].[SecurityStamp], [a].[TwoFactorEnabled], [a].[UserName]
FROM [AspNetUsers] AS [a]
WHERE [a].[NormalizedEmail] = @__normalizedEmail_0
2025-06-18 15:01:00.329 +07:00 [WRN] CORS headers missing in response for POST /api/auth/register
2025-06-18 15:01:00.393 +07:00 [INF] Executed DbCommand (1ms) [Parameters=[@__normalizedEmail_0='?' (Size = 256)], CommandType='"Text"', CommandTimeout='30']
SELECT TOP(2) [a].[Id], [a].[AccessFailedCount], [a].[AvatarUrl], [a].[Bio], [a].[ConcurrencyStamp], [a].[CreatedAt], [a].[DisplayName], [a].[Email], [a].[EmailConfirmed], [a].[IsOnline], [a].[LastActive], [a].[LockoutEnabled], [a].[LockoutEnd], [a].[NormalizedEmail], [a].[NormalizedUserName], [a].[PasswordHash], [a].[PhoneNumber], [a].[PhoneNumberConfirmed], [a].[SecurityStamp], [a].[TwoFactorEnabled], [a].[UserName]
FROM [AspNetUsers] AS [a]
WHERE [a].[NormalizedEmail] = @__normalizedEmail_0
2025-06-18 15:01:00.484 +07:00 [INF] Executed DbCommand (3ms) [Parameters=[@__normalizedUserName_0='?' (Size = 256)], CommandType='"Text"', CommandTimeout='30']
SELECT TOP(1) [a].[Id], [a].[AccessFailedCount], [a].[AvatarUrl], [a].[Bio], [a].[ConcurrencyStamp], [a].[CreatedAt], [a].[DisplayName], [a].[Email], [a].[EmailConfirmed], [a].[IsOnline], [a].[LastActive], [a].[LockoutEnabled], [a].[LockoutEnd], [a].[NormalizedEmail], [a].[NormalizedUserName], [a].[PasswordHash], [a].[PhoneNumber], [a].[PhoneNumberConfirmed], [a].[SecurityStamp], [a].[TwoFactorEnabled], [a].[UserName]
FROM [AspNetUsers] AS [a]
WHERE [a].[NormalizedUserName] = @__normalizedUserName_0
2025-06-18 15:01:00.490 +07:00 [INF] Executed DbCommand (0ms) [Parameters=[@__normalizedEmail_0='?' (Size = 256)], CommandType='"Text"', CommandTimeout='30']
SELECT TOP(2) [a].[Id], [a].[AccessFailedCount], [a].[AvatarUrl], [a].[Bio], [a].[ConcurrencyStamp], [a].[CreatedAt], [a].[DisplayName], [a].[Email], [a].[EmailConfirmed], [a].[IsOnline], [a].[LastActive], [a].[LockoutEnabled], [a].[LockoutEnd], [a].[NormalizedEmail], [a].[NormalizedUserName], [a].[PasswordHash], [a].[PhoneNumber], [a].[PhoneNumberConfirmed], [a].[SecurityStamp], [a].[TwoFactorEnabled], [a].[UserName]
FROM [AspNetUsers] AS [a]
WHERE [a].[NormalizedEmail] = @__normalizedEmail_0
2025-06-18 15:01:00.604 +07:00 [INF] Executed DbCommand (27ms) [Parameters=[@p20='?' (Size = 450), @p0='?' (DbType = Int32), @p1='?' (Size = 4000), @p2='?' (Size = 4000), @p3='?' (Size = 4000), @p21='?' (Size = 4000), @p4='?' (DbType = DateTime2), @p5='?' (Size = 4000), @p6='?' (Size = 256), @p7='?' (DbType = Boolean), @p8='?' (DbType = Boolean), @p9='?' (DbType = DateTime2), @p10='?' (DbType = Boolean), @p11='?' (DbType = DateTimeOffset), @p12='?' (Size = 256), @p13='?' (Size = 256), @p14='?' (Size = 4000), @p15='?' (Size = 4000), @p16='?' (DbType = Boolean), @p17='?' (Size = 4000), @p18='?' (DbType = Boolean), @p19='?' (Size = 256)], CommandType='"Text"', CommandTimeout='30']
SET IMPLICIT_TRANSACTIONS OFF;
SET NOCOUNT ON;
UPDATE [AspNetUsers] SET [AccessFailedCount] = @p0, [AvatarUrl] = @p1, [Bio] = @p2, [ConcurrencyStamp] = @p3, [CreatedAt] = @p4, [DisplayName] = @p5, [Email] = @p6, [EmailConfirmed] = @p7, [IsOnline] = @p8, [LastActive] = @p9, [LockoutEnabled] = @p10, [LockoutEnd] = @p11, [NormalizedEmail] = @p12, [NormalizedUserName] = @p13, [PasswordHash] = @p14, [PhoneNumber] = @p15, [PhoneNumberConfirmed] = @p16, [SecurityStamp] = @p17, [TwoFactorEnabled] = @p18, [UserName] = @p19
OUTPUT 1
WHERE [Id] = @p20 AND [ConcurrencyStamp] = @p21;
2025-06-18 15:01:00.655 +07:00 [INF] Executed DbCommand (5ms) [Parameters=[@__userId_0='?' (Size = 450)], CommandType='"Text"', CommandTimeout='30']
SELECT [a0].[Name]
FROM [AspNetUserRoles] AS [a]
INNER JOIN [AspNetRoles] AS [a0] ON [a].[RoleId] = [a0].[Id]
WHERE [a].[UserId] = @__userId_0
2025-06-18 15:01:00.728 +07:00 [WRN] CORS headers missing in response for POST /api/auth/login
2025-06-18 15:01:00.797 +07:00 [INF] Executed DbCommand (3ms) [Parameters=[], CommandType='"Text"', CommandTimeout='30']
SELECT [a].[Id], COALESCE([a].[UserName], N'') AS [Username], [a].[DisplayName], [a].[AvatarUrl], [a].[IsOnline], [a].[LastActive], [a].[Bio]
FROM [AspNetUsers] AS [a]
2025-06-18 15:01:00.803 +07:00 [WRN] CORS headers missing in response for GET /api/users
2025-06-18 15:01:00.897 +07:00 [WRN] Compiling a query which loads related collections for more than one collection navigation, either via 'Include' or through projection, but no 'QuerySplittingBehavior' has been configured. By default, Entity Framework will use 'QuerySplittingBehavior.SingleQuery', which can potentially result in slow query performance. See https://go.microsoft.com/fwlink/?linkid=2134277 for more information. To identify the query that's triggering this warning call 'ConfigureWarnings(w => w.Throw(RelationalEventId.MultipleCollectionIncludeWarning))'.
2025-06-18 15:01:00.935 +07:00 [INF] Executed DbCommand (30ms) [Parameters=[@__userId_0='?' (Size = 450)], CommandType='"Text"', CommandTimeout='30']
SELECT [c].[Id], [c].[ChatId], [c].[CustomNickname], [c].[IsAdmin], [c].[JoinedAt], [c].[LastReadMessageTime], [c].[UserId], [c0].[Id], [c0].[AppUserId], [c0].[AvatarUrl], [c0].[CreatedAt], [c0].[IsGroupChat], [c0].[LastActivity], [c0].[Name], [t].[Id], [t].[ChatId], [t].[CustomNickname], [t].[IsAdmin], [t].[JoinedAt], [t].[LastReadMessageTime], [t].[UserId], [t].[Id0], [t].[AccessFailedCount], [t].[AvatarUrl], [t].[Bio], [t].[ConcurrencyStamp], [t].[CreatedAt], [t].[DisplayName], [t].[Email], [t].[EmailConfirmed], [t].[IsOnline], [t].[LastActive], [t].[LockoutEnabled], [t].[LockoutEnd], [t].[NormalizedEmail], [t].[NormalizedUserName], [t].[PasswordHash], [t].[PhoneNumber], [t].[PhoneNumberConfirmed], [t].[SecurityStamp], [t].[TwoFactorEnabled], [t].[UserName], [t0].[Id], [t0].[ChatId], [t0].[Content], [t0].[FileName], [t0].[FileSize], [t0].[FileUrl], [t0].[ImageUrl], [t0].[SenderId], [t0].[Timestamp], [t0].[Type], [t0].[Id0], [t0].[AccessFailedCount], [t0].[AvatarUrl], [t0].[Bio], [t0].[ConcurrencyStamp], [t0].[CreatedAt], [t0].[DisplayName], [t0].[Email], [t0].[EmailConfirmed], [t0].[IsOnline], [t0].[LastActive], [t0].[LockoutEnabled], [t0].[LockoutEnd], [t0].[NormalizedEmail], [t0].[NormalizedUserName], [t0].[PasswordHash], [t0].[PhoneNumber], [t0].[PhoneNumberConfirmed], [t0].[SecurityStamp], [t0].[TwoFactorEnabled], [t0].[UserName]
FROM [ChatParticipants] AS [c]
INNER JOIN [Chats] AS [c0] ON [c].[ChatId] = [c0].[Id]
LEFT JOIN (
    SELECT [c1].[Id], [c1].[ChatId], [c1].[CustomNickname], [c1].[IsAdmin], [c1].[JoinedAt], [c1].[LastReadMessageTime], [c1].[UserId], [a].[Id] AS [Id0], [a].[AccessFailedCount], [a].[AvatarUrl], [a].[Bio], [a].[ConcurrencyStamp], [a].[CreatedAt], [a].[DisplayName], [a].[Email], [a].[EmailConfirmed], [a].[IsOnline], [a].[LastActive], [a].[LockoutEnabled], [a].[LockoutEnd], [a].[NormalizedEmail], [a].[NormalizedUserName], [a].[PasswordHash], [a].[PhoneNumber], [a].[PhoneNumberConfirmed], [a].[SecurityStamp], [a].[TwoFactorEnabled], [a].[UserName]
    FROM [ChatParticipants] AS [c1]
    INNER JOIN [AspNetUsers] AS [a] ON [c1].[UserId] = [a].[Id]
) AS [t] ON [c0].[Id] = [t].[ChatId]
OUTER APPLY (
    SELECT [t1].[Id], [t1].[ChatId], [t1].[Content], [t1].[FileName], [t1].[FileSize], [t1].[FileUrl], [t1].[ImageUrl], [t1].[SenderId], [t1].[Timestamp], [t1].[Type], [a0].[Id] AS [Id0], [a0].[AccessFailedCount], [a0].[AvatarUrl], [a0].[Bio], [a0].[ConcurrencyStamp], [a0].[CreatedAt], [a0].[DisplayName], [a0].[Email], [a0].[EmailConfirmed], [a0].[IsOnline], [a0].[LastActive], [a0].[LockoutEnabled], [a0].[LockoutEnd], [a0].[NormalizedEmail], [a0].[NormalizedUserName], [a0].[PasswordHash], [a0].[PhoneNumber], [a0].[PhoneNumberConfirmed], [a0].[SecurityStamp], [a0].[TwoFactorEnabled], [a0].[UserName]
    FROM (
        SELECT TOP(1) [m].[Id], [m].[ChatId], [m].[Content], [m].[FileName], [m].[FileSize], [m].[FileUrl], [m].[ImageUrl], [m].[SenderId], [m].[Timestamp], [m].[Type]
        FROM [Messages] AS [m]
        WHERE [c0].[Id] = [m].[ChatId]
        ORDER BY [m].[Timestamp] DESC
    ) AS [t1]
    INNER JOIN [AspNetUsers] AS [a0] ON [t1].[SenderId] = [a0].[Id]
) AS [t0]
WHERE [c].[UserId] = @__userId_0
ORDER BY [c].[Id], [c0].[Id], [t].[Id], [t].[Id0], [t0].[Timestamp] DESC, [t0].[Id]
2025-06-18 15:01:00.948 +07:00 [WRN] CORS headers missing in response for GET /api/chats
2025-06-18 15:01:00.986 +07:00 [INF] Executed DbCommand (6ms) [Parameters=[@__userId_0='?' (Size = 450)], CommandType='"Text"', CommandTimeout='30']
SELECT [f].[Id], [f].[CreatedAt], [f].[User1Id], [f].[User2Id], [a].[Id], [a].[AccessFailedCount], [a].[AvatarUrl], [a].[Bio], [a].[ConcurrencyStamp], [a].[CreatedAt], [a].[DisplayName], [a].[Email], [a].[EmailConfirmed], [a].[IsOnline], [a].[LastActive], [a].[LockoutEnabled], [a].[LockoutEnd], [a].[NormalizedEmail], [a].[NormalizedUserName], [a].[PasswordHash], [a].[PhoneNumber], [a].[PhoneNumberConfirmed], [a].[SecurityStamp], [a].[TwoFactorEnabled], [a].[UserName], [a0].[Id], [a0].[AccessFailedCount], [a0].[AvatarUrl], [a0].[Bio], [a0].[ConcurrencyStamp], [a0].[CreatedAt], [a0].[DisplayName], [a0].[Email], [a0].[EmailConfirmed], [a0].[IsOnline], [a0].[LastActive], [a0].[LockoutEnabled], [a0].[LockoutEnd], [a0].[NormalizedEmail], [a0].[NormalizedUserName], [a0].[PasswordHash], [a0].[PhoneNumber], [a0].[PhoneNumberConfirmed], [a0].[SecurityStamp], [a0].[TwoFactorEnabled], [a0].[UserName]
FROM [Friendships] AS [f]
INNER JOIN [AspNetUsers] AS [a] ON [f].[User1Id] = [a].[Id]
INNER JOIN [AspNetUsers] AS [a0] ON [f].[User2Id] = [a0].[Id]
WHERE [f].[User1Id] = @__userId_0 OR [f].[User2Id] = @__userId_0
2025-06-18 15:01:00.989 +07:00 [WRN] CORS headers missing in response for GET /api/friends
2025-06-18 15:01:01.024 +07:00 [INF] Executed DbCommand (5ms) [Parameters=[@__userId_0='?' (Size = 450)], CommandType='"Text"', CommandTimeout='30']
SELECT [f].[Id], [f].[CreatedAt], [f].[FromUserId], [f].[RespondedAt], [f].[Status], [f].[ToUserId], [a].[Id], [a].[AccessFailedCount], [a].[AvatarUrl], [a].[Bio], [a].[ConcurrencyStamp], [a].[CreatedAt], [a].[DisplayName], [a].[Email], [a].[EmailConfirmed], [a].[IsOnline], [a].[LastActive], [a].[LockoutEnabled], [a].[LockoutEnd], [a].[NormalizedEmail], [a].[NormalizedUserName], [a].[PasswordHash], [a].[PhoneNumber], [a].[PhoneNumberConfirmed], [a].[SecurityStamp], [a].[TwoFactorEnabled], [a].[UserName], [a0].[Id], [a0].[AccessFailedCount], [a0].[AvatarUrl], [a0].[Bio], [a0].[ConcurrencyStamp], [a0].[CreatedAt], [a0].[DisplayName], [a0].[Email], [a0].[EmailConfirmed], [a0].[IsOnline], [a0].[LastActive], [a0].[LockoutEnabled], [a0].[LockoutEnd], [a0].[NormalizedEmail], [a0].[NormalizedUserName], [a0].[PasswordHash], [a0].[PhoneNumber], [a0].[PhoneNumberConfirmed], [a0].[SecurityStamp], [a0].[TwoFactorEnabled], [a0].[UserName]
FROM [FriendRequests] AS [f]
INNER JOIN [AspNetUsers] AS [a] ON [f].[FromUserId] = [a].[Id]
INNER JOIN [AspNetUsers] AS [a0] ON [f].[ToUserId] = [a0].[Id]
WHERE [f].[ToUserId] = @__userId_0 AND [f].[Status] = 0
2025-06-18 15:01:01.046 +07:00 [WRN] CORS headers missing in response for GET /api/friends/requests
2025-06-18 15:01:01.052 +07:00 [WRN] CORS headers missing in response for GET /api/admin/analytics
2025-06-18 15:03:58.135 +07:00 [WRN] CORS headers missing in response for GET /api/healthcheck
2025-06-18 15:03:58.165 +07:00 [INF] Executed DbCommand (4ms) [Parameters=[@__normalizedEmail_0='?' (Size = 256)], CommandType='"Text"', CommandTimeout='30']
SELECT TOP(2) [a].[Id], [a].[AccessFailedCount], [a].[AvatarUrl], [a].[Bio], [a].[ConcurrencyStamp], [a].[CreatedAt], [a].[DisplayName], [a].[Email], [a].[EmailConfirmed], [a].[IsOnline], [a].[LastActive], [a].[LockoutEnabled], [a].[LockoutEnd], [a].[NormalizedEmail], [a].[NormalizedUserName], [a].[PasswordHash], [a].[PhoneNumber], [a].[PhoneNumberConfirmed], [a].[SecurityStamp], [a].[TwoFactorEnabled], [a].[UserName]
FROM [AspNetUsers] AS [a]
WHERE [a].[NormalizedEmail] = @__normalizedEmail_0
2025-06-18 15:03:58.168 +07:00 [WRN] CORS headers missing in response for POST /api/auth/register
2025-06-18 15:03:58.178 +07:00 [INF] Executed DbCommand (1ms) [Parameters=[@__normalizedEmail_0='?' (Size = 256)], CommandType='"Text"', CommandTimeout='30']
SELECT TOP(2) [a].[Id], [a].[AccessFailedCount], [a].[AvatarUrl], [a].[Bio], [a].[ConcurrencyStamp], [a].[CreatedAt], [a].[DisplayName], [a].[Email], [a].[EmailConfirmed], [a].[IsOnline], [a].[LastActive], [a].[LockoutEnabled], [a].[LockoutEnd], [a].[NormalizedEmail], [a].[NormalizedUserName], [a].[PasswordHash], [a].[PhoneNumber], [a].[PhoneNumberConfirmed], [a].[SecurityStamp], [a].[TwoFactorEnabled], [a].[UserName]
FROM [AspNetUsers] AS [a]
WHERE [a].[NormalizedEmail] = @__normalizedEmail_0
2025-06-18 15:03:58.249 +07:00 [INF] Executed DbCommand (3ms) [Parameters=[@__normalizedUserName_0='?' (Size = 256)], CommandType='"Text"', CommandTimeout='30']
SELECT TOP(1) [a].[Id], [a].[AccessFailedCount], [a].[AvatarUrl], [a].[Bio], [a].[ConcurrencyStamp], [a].[CreatedAt], [a].[DisplayName], [a].[Email], [a].[EmailConfirmed], [a].[IsOnline], [a].[LastActive], [a].[LockoutEnabled], [a].[LockoutEnd], [a].[NormalizedEmail], [a].[NormalizedUserName], [a].[PasswordHash], [a].[PhoneNumber], [a].[PhoneNumberConfirmed], [a].[SecurityStamp], [a].[TwoFactorEnabled], [a].[UserName]
FROM [AspNetUsers] AS [a]
WHERE [a].[NormalizedUserName] = @__normalizedUserName_0
2025-06-18 15:03:58.253 +07:00 [INF] Executed DbCommand (1ms) [Parameters=[@__normalizedEmail_0='?' (Size = 256)], CommandType='"Text"', CommandTimeout='30']
SELECT TOP(2) [a].[Id], [a].[AccessFailedCount], [a].[AvatarUrl], [a].[Bio], [a].[ConcurrencyStamp], [a].[CreatedAt], [a].[DisplayName], [a].[Email], [a].[EmailConfirmed], [a].[IsOnline], [a].[LastActive], [a].[LockoutEnabled], [a].[LockoutEnd], [a].[NormalizedEmail], [a].[NormalizedUserName], [a].[PasswordHash], [a].[PhoneNumber], [a].[PhoneNumberConfirmed], [a].[SecurityStamp], [a].[TwoFactorEnabled], [a].[UserName]
FROM [AspNetUsers] AS [a]
WHERE [a].[NormalizedEmail] = @__normalizedEmail_0
2025-06-18 15:03:58.265 +07:00 [INF] Executed DbCommand (6ms) [Parameters=[@p20='?' (Size = 450), @p0='?' (DbType = Int32), @p1='?' (Size = 4000), @p2='?' (Size = 4000), @p3='?' (Size = 4000), @p21='?' (Size = 4000), @p4='?' (DbType = DateTime2), @p5='?' (Size = 4000), @p6='?' (Size = 256), @p7='?' (DbType = Boolean), @p8='?' (DbType = Boolean), @p9='?' (DbType = DateTime2), @p10='?' (DbType = Boolean), @p11='?' (DbType = DateTimeOffset), @p12='?' (Size = 256), @p13='?' (Size = 256), @p14='?' (Size = 4000), @p15='?' (Size = 4000), @p16='?' (DbType = Boolean), @p17='?' (Size = 4000), @p18='?' (DbType = Boolean), @p19='?' (Size = 256)], CommandType='"Text"', CommandTimeout='30']
SET IMPLICIT_TRANSACTIONS OFF;
SET NOCOUNT ON;
UPDATE [AspNetUsers] SET [AccessFailedCount] = @p0, [AvatarUrl] = @p1, [Bio] = @p2, [ConcurrencyStamp] = @p3, [CreatedAt] = @p4, [DisplayName] = @p5, [Email] = @p6, [EmailConfirmed] = @p7, [IsOnline] = @p8, [LastActive] = @p9, [LockoutEnabled] = @p10, [LockoutEnd] = @p11, [NormalizedEmail] = @p12, [NormalizedUserName] = @p13, [PasswordHash] = @p14, [PhoneNumber] = @p15, [PhoneNumberConfirmed] = @p16, [SecurityStamp] = @p17, [TwoFactorEnabled] = @p18, [UserName] = @p19
OUTPUT 1
WHERE [Id] = @p20 AND [ConcurrencyStamp] = @p21;
2025-06-18 15:03:58.274 +07:00 [INF] Executed DbCommand (3ms) [Parameters=[@__userId_0='?' (Size = 450)], CommandType='"Text"', CommandTimeout='30']
SELECT [a0].[Name]
FROM [AspNetUserRoles] AS [a]
INNER JOIN [AspNetRoles] AS [a0] ON [a].[RoleId] = [a0].[Id]
WHERE [a].[UserId] = @__userId_0
2025-06-18 15:03:58.279 +07:00 [WRN] CORS headers missing in response for POST /api/auth/login
2025-06-18 15:03:58.290 +07:00 [INF] Executed DbCommand (1ms) [Parameters=[], CommandType='"Text"', CommandTimeout='30']
SELECT [a].[Id], COALESCE([a].[UserName], N'') AS [Username], [a].[DisplayName], [a].[AvatarUrl], [a].[IsOnline], [a].[LastActive], [a].[Bio]
FROM [AspNetUsers] AS [a]
2025-06-18 15:03:58.293 +07:00 [WRN] CORS headers missing in response for GET /api/users
2025-06-18 15:03:58.327 +07:00 [INF] Executed DbCommand (18ms) [Parameters=[@__userId_0='?' (Size = 450)], CommandType='"Text"', CommandTimeout='30']
SELECT [c].[Id], [c].[ChatId], [c].[CustomNickname], [c].[IsAdmin], [c].[JoinedAt], [c].[LastReadMessageTime], [c].[UserId], [c0].[Id], [c0].[AppUserId], [c0].[AvatarUrl], [c0].[CreatedAt], [c0].[IsGroupChat], [c0].[LastActivity], [c0].[Name], [t].[Id], [t].[ChatId], [t].[CustomNickname], [t].[IsAdmin], [t].[JoinedAt], [t].[LastReadMessageTime], [t].[UserId], [t].[Id0], [t].[AccessFailedCount], [t].[AvatarUrl], [t].[Bio], [t].[ConcurrencyStamp], [t].[CreatedAt], [t].[DisplayName], [t].[Email], [t].[EmailConfirmed], [t].[IsOnline], [t].[LastActive], [t].[LockoutEnabled], [t].[LockoutEnd], [t].[NormalizedEmail], [t].[NormalizedUserName], [t].[PasswordHash], [t].[PhoneNumber], [t].[PhoneNumberConfirmed], [t].[SecurityStamp], [t].[TwoFactorEnabled], [t].[UserName], [t0].[Id], [t0].[ChatId], [t0].[Content], [t0].[FileName], [t0].[FileSize], [t0].[FileUrl], [t0].[ImageUrl], [t0].[SenderId], [t0].[Timestamp], [t0].[Type], [t0].[Id0], [t0].[AccessFailedCount], [t0].[AvatarUrl], [t0].[Bio], [t0].[ConcurrencyStamp], [t0].[CreatedAt], [t0].[DisplayName], [t0].[Email], [t0].[EmailConfirmed], [t0].[IsOnline], [t0].[LastActive], [t0].[LockoutEnabled], [t0].[LockoutEnd], [t0].[NormalizedEmail], [t0].[NormalizedUserName], [t0].[PasswordHash], [t0].[PhoneNumber], [t0].[PhoneNumberConfirmed], [t0].[SecurityStamp], [t0].[TwoFactorEnabled], [t0].[UserName]
FROM [ChatParticipants] AS [c]
INNER JOIN [Chats] AS [c0] ON [c].[ChatId] = [c0].[Id]
LEFT JOIN (
    SELECT [c1].[Id], [c1].[ChatId], [c1].[CustomNickname], [c1].[IsAdmin], [c1].[JoinedAt], [c1].[LastReadMessageTime], [c1].[UserId], [a].[Id] AS [Id0], [a].[AccessFailedCount], [a].[AvatarUrl], [a].[Bio], [a].[ConcurrencyStamp], [a].[CreatedAt], [a].[DisplayName], [a].[Email], [a].[EmailConfirmed], [a].[IsOnline], [a].[LastActive], [a].[LockoutEnabled], [a].[LockoutEnd], [a].[NormalizedEmail], [a].[NormalizedUserName], [a].[PasswordHash], [a].[PhoneNumber], [a].[PhoneNumberConfirmed], [a].[SecurityStamp], [a].[TwoFactorEnabled], [a].[UserName]
    FROM [ChatParticipants] AS [c1]
    INNER JOIN [AspNetUsers] AS [a] ON [c1].[UserId] = [a].[Id]
) AS [t] ON [c0].[Id] = [t].[ChatId]
OUTER APPLY (
    SELECT [t1].[Id], [t1].[ChatId], [t1].[Content], [t1].[FileName], [t1].[FileSize], [t1].[FileUrl], [t1].[ImageUrl], [t1].[SenderId], [t1].[Timestamp], [t1].[Type], [a0].[Id] AS [Id0], [a0].[AccessFailedCount], [a0].[AvatarUrl], [a0].[Bio], [a0].[ConcurrencyStamp], [a0].[CreatedAt], [a0].[DisplayName], [a0].[Email], [a0].[EmailConfirmed], [a0].[IsOnline], [a0].[LastActive], [a0].[LockoutEnabled], [a0].[LockoutEnd], [a0].[NormalizedEmail], [a0].[NormalizedUserName], [a0].[PasswordHash], [a0].[PhoneNumber], [a0].[PhoneNumberConfirmed], [a0].[SecurityStamp], [a0].[TwoFactorEnabled], [a0].[UserName]
    FROM (
        SELECT TOP(1) [m].[Id], [m].[ChatId], [m].[Content], [m].[FileName], [m].[FileSize], [m].[FileUrl], [m].[ImageUrl], [m].[SenderId], [m].[Timestamp], [m].[Type]
        FROM [Messages] AS [m]
        WHERE [c0].[Id] = [m].[ChatId]
        ORDER BY [m].[Timestamp] DESC
    ) AS [t1]
    INNER JOIN [AspNetUsers] AS [a0] ON [t1].[SenderId] = [a0].[Id]
) AS [t0]
WHERE [c].[UserId] = @__userId_0
ORDER BY [c].[Id], [c0].[Id], [t].[Id], [t].[Id0], [t0].[Timestamp] DESC, [t0].[Id]
2025-06-18 15:03:58.335 +07:00 [WRN] CORS headers missing in response for GET /api/chats
2025-06-18 15:03:58.347 +07:00 [INF] Executed DbCommand (5ms) [Parameters=[@__userId_0='?' (Size = 450)], CommandType='"Text"', CommandTimeout='30']
SELECT [f].[Id], [f].[CreatedAt], [f].[User1Id], [f].[User2Id], [a].[Id], [a].[AccessFailedCount], [a].[AvatarUrl], [a].[Bio], [a].[ConcurrencyStamp], [a].[CreatedAt], [a].[DisplayName], [a].[Email], [a].[EmailConfirmed], [a].[IsOnline], [a].[LastActive], [a].[LockoutEnabled], [a].[LockoutEnd], [a].[NormalizedEmail], [a].[NormalizedUserName], [a].[PasswordHash], [a].[PhoneNumber], [a].[PhoneNumberConfirmed], [a].[SecurityStamp], [a].[TwoFactorEnabled], [a].[UserName], [a0].[Id], [a0].[AccessFailedCount], [a0].[AvatarUrl], [a0].[Bio], [a0].[ConcurrencyStamp], [a0].[CreatedAt], [a0].[DisplayName], [a0].[Email], [a0].[EmailConfirmed], [a0].[IsOnline], [a0].[LastActive], [a0].[LockoutEnabled], [a0].[LockoutEnd], [a0].[NormalizedEmail], [a0].[NormalizedUserName], [a0].[PasswordHash], [a0].[PhoneNumber], [a0].[PhoneNumberConfirmed], [a0].[SecurityStamp], [a0].[TwoFactorEnabled], [a0].[UserName]
FROM [Friendships] AS [f]
INNER JOIN [AspNetUsers] AS [a] ON [f].[User1Id] = [a].[Id]
INNER JOIN [AspNetUsers] AS [a0] ON [f].[User2Id] = [a0].[Id]
WHERE [f].[User1Id] = @__userId_0 OR [f].[User2Id] = @__userId_0
2025-06-18 15:03:58.352 +07:00 [WRN] CORS headers missing in response for GET /api/friends
2025-06-18 15:03:58.370 +07:00 [INF] Executed DbCommand (5ms) [Parameters=[@__userId_0='?' (Size = 450)], CommandType='"Text"', CommandTimeout='30']
SELECT [f].[Id], [f].[CreatedAt], [f].[FromUserId], [f].[RespondedAt], [f].[Status], [f].[ToUserId], [a].[Id], [a].[AccessFailedCount], [a].[AvatarUrl], [a].[Bio], [a].[ConcurrencyStamp], [a].[CreatedAt], [a].[DisplayName], [a].[Email], [a].[EmailConfirmed], [a].[IsOnline], [a].[LastActive], [a].[LockoutEnabled], [a].[LockoutEnd], [a].[NormalizedEmail], [a].[NormalizedUserName], [a].[PasswordHash], [a].[PhoneNumber], [a].[PhoneNumberConfirmed], [a].[SecurityStamp], [a].[TwoFactorEnabled], [a].[UserName], [a0].[Id], [a0].[AccessFailedCount], [a0].[AvatarUrl], [a0].[Bio], [a0].[ConcurrencyStamp], [a0].[CreatedAt], [a0].[DisplayName], [a0].[Email], [a0].[EmailConfirmed], [a0].[IsOnline], [a0].[LastActive], [a0].[LockoutEnabled], [a0].[LockoutEnd], [a0].[NormalizedEmail], [a0].[NormalizedUserName], [a0].[PasswordHash], [a0].[PhoneNumber], [a0].[PhoneNumberConfirmed], [a0].[SecurityStamp], [a0].[TwoFactorEnabled], [a0].[UserName]
FROM [FriendRequests] AS [f]
INNER JOIN [AspNetUsers] AS [a] ON [f].[FromUserId] = [a].[Id]
INNER JOIN [AspNetUsers] AS [a0] ON [f].[ToUserId] = [a0].[Id]
WHERE [f].[ToUserId] = @__userId_0 AND [f].[Status] = 0
2025-06-18 15:03:58.376 +07:00 [WRN] CORS headers missing in response for GET /api/friends/requests
2025-06-18 15:03:58.387 +07:00 [WRN] CORS headers missing in response for GET /api/admin/stats
2025-06-18 15:08:35.734 +07:00 [WRN] CORS headers missing in response for GET /api/healthcheck
2025-06-18 15:08:35.759 +07:00 [INF] Executed DbCommand (4ms) [Parameters=[@__normalizedEmail_0='?' (Size = 256)], CommandType='"Text"', CommandTimeout='30']
SELECT TOP(2) [a].[Id], [a].[AccessFailedCount], [a].[AvatarUrl], [a].[Bio], [a].[ConcurrencyStamp], [a].[CreatedAt], [a].[DisplayName], [a].[Email], [a].[EmailConfirmed], [a].[IsOnline], [a].[LastActive], [a].[LockoutEnabled], [a].[LockoutEnd], [a].[NormalizedEmail], [a].[NormalizedUserName], [a].[PasswordHash], [a].[PhoneNumber], [a].[PhoneNumberConfirmed], [a].[SecurityStamp], [a].[TwoFactorEnabled], [a].[UserName]
FROM [AspNetUsers] AS [a]
WHERE [a].[NormalizedEmail] = @__normalizedEmail_0
2025-06-18 15:08:35.763 +07:00 [WRN] CORS headers missing in response for POST /api/auth/register
2025-06-18 15:08:35.775 +07:00 [INF] Executed DbCommand (1ms) [Parameters=[@__normalizedEmail_0='?' (Size = 256)], CommandType='"Text"', CommandTimeout='30']
SELECT TOP(2) [a].[Id], [a].[AccessFailedCount], [a].[AvatarUrl], [a].[Bio], [a].[ConcurrencyStamp], [a].[CreatedAt], [a].[DisplayName], [a].[Email], [a].[EmailConfirmed], [a].[IsOnline], [a].[LastActive], [a].[LockoutEnabled], [a].[LockoutEnd], [a].[NormalizedEmail], [a].[NormalizedUserName], [a].[PasswordHash], [a].[PhoneNumber], [a].[PhoneNumberConfirmed], [a].[SecurityStamp], [a].[TwoFactorEnabled], [a].[UserName]
FROM [AspNetUsers] AS [a]
WHERE [a].[NormalizedEmail] = @__normalizedEmail_0
2025-06-18 15:08:35.848 +07:00 [INF] Executed DbCommand (3ms) [Parameters=[@__normalizedUserName_0='?' (Size = 256)], CommandType='"Text"', CommandTimeout='30']
SELECT TOP(1) [a].[Id], [a].[AccessFailedCount], [a].[AvatarUrl], [a].[Bio], [a].[ConcurrencyStamp], [a].[CreatedAt], [a].[DisplayName], [a].[Email], [a].[EmailConfirmed], [a].[IsOnline], [a].[LastActive], [a].[LockoutEnabled], [a].[LockoutEnd], [a].[NormalizedEmail], [a].[NormalizedUserName], [a].[PasswordHash], [a].[PhoneNumber], [a].[PhoneNumberConfirmed], [a].[SecurityStamp], [a].[TwoFactorEnabled], [a].[UserName]
FROM [AspNetUsers] AS [a]
WHERE [a].[NormalizedUserName] = @__normalizedUserName_0
2025-06-18 15:08:35.851 +07:00 [INF] Executed DbCommand (1ms) [Parameters=[@__normalizedEmail_0='?' (Size = 256)], CommandType='"Text"', CommandTimeout='30']
SELECT TOP(2) [a].[Id], [a].[AccessFailedCount], [a].[AvatarUrl], [a].[Bio], [a].[ConcurrencyStamp], [a].[CreatedAt], [a].[DisplayName], [a].[Email], [a].[EmailConfirmed], [a].[IsOnline], [a].[LastActive], [a].[LockoutEnabled], [a].[LockoutEnd], [a].[NormalizedEmail], [a].[NormalizedUserName], [a].[PasswordHash], [a].[PhoneNumber], [a].[PhoneNumberConfirmed], [a].[SecurityStamp], [a].[TwoFactorEnabled], [a].[UserName]
FROM [AspNetUsers] AS [a]
WHERE [a].[NormalizedEmail] = @__normalizedEmail_0
2025-06-18 15:08:35.862 +07:00 [INF] Executed DbCommand (6ms) [Parameters=[@p20='?' (Size = 450), @p0='?' (DbType = Int32), @p1='?' (Size = 4000), @p2='?' (Size = 4000), @p3='?' (Size = 4000), @p21='?' (Size = 4000), @p4='?' (DbType = DateTime2), @p5='?' (Size = 4000), @p6='?' (Size = 256), @p7='?' (DbType = Boolean), @p8='?' (DbType = Boolean), @p9='?' (DbType = DateTime2), @p10='?' (DbType = Boolean), @p11='?' (DbType = DateTimeOffset), @p12='?' (Size = 256), @p13='?' (Size = 256), @p14='?' (Size = 4000), @p15='?' (Size = 4000), @p16='?' (DbType = Boolean), @p17='?' (Size = 4000), @p18='?' (DbType = Boolean), @p19='?' (Size = 256)], CommandType='"Text"', CommandTimeout='30']
SET IMPLICIT_TRANSACTIONS OFF;
SET NOCOUNT ON;
UPDATE [AspNetUsers] SET [AccessFailedCount] = @p0, [AvatarUrl] = @p1, [Bio] = @p2, [ConcurrencyStamp] = @p3, [CreatedAt] = @p4, [DisplayName] = @p5, [Email] = @p6, [EmailConfirmed] = @p7, [IsOnline] = @p8, [LastActive] = @p9, [LockoutEnabled] = @p10, [LockoutEnd] = @p11, [NormalizedEmail] = @p12, [NormalizedUserName] = @p13, [PasswordHash] = @p14, [PhoneNumber] = @p15, [PhoneNumberConfirmed] = @p16, [SecurityStamp] = @p17, [TwoFactorEnabled] = @p18, [UserName] = @p19
OUTPUT 1
WHERE [Id] = @p20 AND [ConcurrencyStamp] = @p21;
2025-06-18 15:08:35.871 +07:00 [INF] Executed DbCommand (4ms) [Parameters=[@__userId_0='?' (Size = 450)], CommandType='"Text"', CommandTimeout='30']
SELECT [a0].[Name]
FROM [AspNetUserRoles] AS [a]
INNER JOIN [AspNetRoles] AS [a0] ON [a].[RoleId] = [a0].[Id]
WHERE [a].[UserId] = @__userId_0
2025-06-18 15:08:35.874 +07:00 [WRN] CORS headers missing in response for POST /api/auth/login
2025-06-18 15:08:35.883 +07:00 [INF] Executed DbCommand (1ms) [Parameters=[], CommandType='"Text"', CommandTimeout='30']
SELECT [a].[Id], COALESCE([a].[UserName], N'') AS [Username], [a].[DisplayName], [a].[AvatarUrl], [a].[IsOnline], [a].[LastActive], [a].[Bio]
FROM [AspNetUsers] AS [a]
2025-06-18 15:08:35.886 +07:00 [WRN] CORS headers missing in response for GET /api/users
2025-06-18 15:08:35.924 +07:00 [INF] Executed DbCommand (17ms) [Parameters=[@__userId_0='?' (Size = 450)], CommandType='"Text"', CommandTimeout='30']
SELECT [c].[Id], [c].[ChatId], [c].[CustomNickname], [c].[IsAdmin], [c].[JoinedAt], [c].[LastReadMessageTime], [c].[UserId], [c0].[Id], [c0].[AppUserId], [c0].[AvatarUrl], [c0].[CreatedAt], [c0].[IsGroupChat], [c0].[LastActivity], [c0].[Name], [t].[Id], [t].[ChatId], [t].[CustomNickname], [t].[IsAdmin], [t].[JoinedAt], [t].[LastReadMessageTime], [t].[UserId], [t].[Id0], [t].[AccessFailedCount], [t].[AvatarUrl], [t].[Bio], [t].[ConcurrencyStamp], [t].[CreatedAt], [t].[DisplayName], [t].[Email], [t].[EmailConfirmed], [t].[IsOnline], [t].[LastActive], [t].[LockoutEnabled], [t].[LockoutEnd], [t].[NormalizedEmail], [t].[NormalizedUserName], [t].[PasswordHash], [t].[PhoneNumber], [t].[PhoneNumberConfirmed], [t].[SecurityStamp], [t].[TwoFactorEnabled], [t].[UserName], [t0].[Id], [t0].[ChatId], [t0].[Content], [t0].[FileName], [t0].[FileSize], [t0].[FileUrl], [t0].[ImageUrl], [t0].[SenderId], [t0].[Timestamp], [t0].[Type], [t0].[Id0], [t0].[AccessFailedCount], [t0].[AvatarUrl], [t0].[Bio], [t0].[ConcurrencyStamp], [t0].[CreatedAt], [t0].[DisplayName], [t0].[Email], [t0].[EmailConfirmed], [t0].[IsOnline], [t0].[LastActive], [t0].[LockoutEnabled], [t0].[LockoutEnd], [t0].[NormalizedEmail], [t0].[NormalizedUserName], [t0].[PasswordHash], [t0].[PhoneNumber], [t0].[PhoneNumberConfirmed], [t0].[SecurityStamp], [t0].[TwoFactorEnabled], [t0].[UserName]
FROM [ChatParticipants] AS [c]
INNER JOIN [Chats] AS [c0] ON [c].[ChatId] = [c0].[Id]
LEFT JOIN (
    SELECT [c1].[Id], [c1].[ChatId], [c1].[CustomNickname], [c1].[IsAdmin], [c1].[JoinedAt], [c1].[LastReadMessageTime], [c1].[UserId], [a].[Id] AS [Id0], [a].[AccessFailedCount], [a].[AvatarUrl], [a].[Bio], [a].[ConcurrencyStamp], [a].[CreatedAt], [a].[DisplayName], [a].[Email], [a].[EmailConfirmed], [a].[IsOnline], [a].[LastActive], [a].[LockoutEnabled], [a].[LockoutEnd], [a].[NormalizedEmail], [a].[NormalizedUserName], [a].[PasswordHash], [a].[PhoneNumber], [a].[PhoneNumberConfirmed], [a].[SecurityStamp], [a].[TwoFactorEnabled], [a].[UserName]
    FROM [ChatParticipants] AS [c1]
    INNER JOIN [AspNetUsers] AS [a] ON [c1].[UserId] = [a].[Id]
) AS [t] ON [c0].[Id] = [t].[ChatId]
OUTER APPLY (
    SELECT [t1].[Id], [t1].[ChatId], [t1].[Content], [t1].[FileName], [t1].[FileSize], [t1].[FileUrl], [t1].[ImageUrl], [t1].[SenderId], [t1].[Timestamp], [t1].[Type], [a0].[Id] AS [Id0], [a0].[AccessFailedCount], [a0].[AvatarUrl], [a0].[Bio], [a0].[ConcurrencyStamp], [a0].[CreatedAt], [a0].[DisplayName], [a0].[Email], [a0].[EmailConfirmed], [a0].[IsOnline], [a0].[LastActive], [a0].[LockoutEnabled], [a0].[LockoutEnd], [a0].[NormalizedEmail], [a0].[NormalizedUserName], [a0].[PasswordHash], [a0].[PhoneNumber], [a0].[PhoneNumberConfirmed], [a0].[SecurityStamp], [a0].[TwoFactorEnabled], [a0].[UserName]
    FROM (
        SELECT TOP(1) [m].[Id], [m].[ChatId], [m].[Content], [m].[FileName], [m].[FileSize], [m].[FileUrl], [m].[ImageUrl], [m].[SenderId], [m].[Timestamp], [m].[Type]
        FROM [Messages] AS [m]
        WHERE [c0].[Id] = [m].[ChatId]
        ORDER BY [m].[Timestamp] DESC
    ) AS [t1]
    INNER JOIN [AspNetUsers] AS [a0] ON [t1].[SenderId] = [a0].[Id]
) AS [t0]
WHERE [c].[UserId] = @__userId_0
ORDER BY [c].[Id], [c0].[Id], [t].[Id], [t].[Id0], [t0].[Timestamp] DESC, [t0].[Id]
2025-06-18 15:08:35.931 +07:00 [WRN] CORS headers missing in response for GET /api/chats
2025-06-18 15:08:35.942 +07:00 [INF] Executed DbCommand (4ms) [Parameters=[@__userId_0='?' (Size = 450)], CommandType='"Text"', CommandTimeout='30']
SELECT [f].[Id], [f].[CreatedAt], [f].[User1Id], [f].[User2Id], [a].[Id], [a].[AccessFailedCount], [a].[AvatarUrl], [a].[Bio], [a].[ConcurrencyStamp], [a].[CreatedAt], [a].[DisplayName], [a].[Email], [a].[EmailConfirmed], [a].[IsOnline], [a].[LastActive], [a].[LockoutEnabled], [a].[LockoutEnd], [a].[NormalizedEmail], [a].[NormalizedUserName], [a].[PasswordHash], [a].[PhoneNumber], [a].[PhoneNumberConfirmed], [a].[SecurityStamp], [a].[TwoFactorEnabled], [a].[UserName], [a0].[Id], [a0].[AccessFailedCount], [a0].[AvatarUrl], [a0].[Bio], [a0].[ConcurrencyStamp], [a0].[CreatedAt], [a0].[DisplayName], [a0].[Email], [a0].[EmailConfirmed], [a0].[IsOnline], [a0].[LastActive], [a0].[LockoutEnabled], [a0].[LockoutEnd], [a0].[NormalizedEmail], [a0].[NormalizedUserName], [a0].[PasswordHash], [a0].[PhoneNumber], [a0].[PhoneNumberConfirmed], [a0].[SecurityStamp], [a0].[TwoFactorEnabled], [a0].[UserName]
FROM [Friendships] AS [f]
INNER JOIN [AspNetUsers] AS [a] ON [f].[User1Id] = [a].[Id]
INNER JOIN [AspNetUsers] AS [a0] ON [f].[User2Id] = [a0].[Id]
WHERE [f].[User1Id] = @__userId_0 OR [f].[User2Id] = @__userId_0
2025-06-18 15:08:35.946 +07:00 [WRN] CORS headers missing in response for GET /api/friends
2025-06-18 15:08:35.959 +07:00 [INF] Executed DbCommand (5ms) [Parameters=[@__userId_0='?' (Size = 450)], CommandType='"Text"', CommandTimeout='30']
SELECT [f].[Id], [f].[CreatedAt], [f].[FromUserId], [f].[RespondedAt], [f].[Status], [f].[ToUserId], [a].[Id], [a].[AccessFailedCount], [a].[AvatarUrl], [a].[Bio], [a].[ConcurrencyStamp], [a].[CreatedAt], [a].[DisplayName], [a].[Email], [a].[EmailConfirmed], [a].[IsOnline], [a].[LastActive], [a].[LockoutEnabled], [a].[LockoutEnd], [a].[NormalizedEmail], [a].[NormalizedUserName], [a].[PasswordHash], [a].[PhoneNumber], [a].[PhoneNumberConfirmed], [a].[SecurityStamp], [a].[TwoFactorEnabled], [a].[UserName], [a0].[Id], [a0].[AccessFailedCount], [a0].[AvatarUrl], [a0].[Bio], [a0].[ConcurrencyStamp], [a0].[CreatedAt], [a0].[DisplayName], [a0].[Email], [a0].[EmailConfirmed], [a0].[IsOnline], [a0].[LastActive], [a0].[LockoutEnabled], [a0].[LockoutEnd], [a0].[NormalizedEmail], [a0].[NormalizedUserName], [a0].[PasswordHash], [a0].[PhoneNumber], [a0].[PhoneNumberConfirmed], [a0].[SecurityStamp], [a0].[TwoFactorEnabled], [a0].[UserName]
FROM [FriendRequests] AS [f]
INNER JOIN [AspNetUsers] AS [a] ON [f].[FromUserId] = [a].[Id]
INNER JOIN [AspNetUsers] AS [a0] ON [f].[ToUserId] = [a0].[Id]
WHERE [f].[ToUserId] = @__userId_0 AND [f].[Status] = 0
2025-06-18 15:08:35.964 +07:00 [WRN] CORS headers missing in response for GET /api/friends/requests
2025-06-18 15:08:35.973 +07:00 [WRN] CORS headers missing in response for GET /api/admin/stats
