2025-08-09 01:58:07.899 +07:00 [INF] Migrating database...
2025-08-09 01:58:08.699 +07:00 [INF] Executed DbCommand (21ms) [Parameters=[], CommandType='"Text"', CommandTimeout='30']
SELECT 1
2025-08-09 01:58:08.736 +07:00 [INF] Executed DbCommand (21ms) [Parameters=[], CommandType='"Text"', CommandTimeout='30']
SELECT OBJECT_ID(N'[__EFMigrationsHistory]');
2025-08-09 01:58:08.742 +07:00 [INF] Executed DbCommand (1ms) [Parameters=[], CommandType='"Text"', CommandTimeout='30']
SELECT 1
2025-08-09 01:58:08.746 +07:00 [INF] Executed DbCommand (1ms) [Parameters=[], CommandType='"Text"', CommandTimeout='30']
SELECT OBJECT_ID(N'[__EFMigrationsHistory]');
2025-08-09 01:58:08.782 +07:00 [INF] Executed DbCommand (20ms) [Parameters=[], CommandType='"Text"', CommandTimeout='30']
SELECT [MigrationId], [ProductVersion]
FROM [__EFMigrationsHistory]
ORDER BY [MigrationId];
2025-08-09 01:58:08.801 +07:00 [INF] No migrations were applied. The database is already up to date.
2025-08-09 01:58:09.052 +07:00 [INF] Executed DbCommand (61ms) [Parameters=[@__normalizedName_0='?' (Size = 256)], CommandType='"Text"', CommandTimeout='30']
SELECT TOP(1) [a].[Id], [a].[ConcurrencyStamp], [a].[Name], [a].[NormalizedName]
FROM [AspNetRoles] AS [a]
WHERE [a].[NormalizedName] = @__normalizedName_0
2025-08-09 01:58:09.092 +07:00 [INF] Executed DbCommand (0ms) [Parameters=[@__normalizedName_0='?' (Size = 256)], CommandType='"Text"', CommandTimeout='30']
SELECT TOP(1) [a].[Id], [a].[ConcurrencyStamp], [a].[Name], [a].[NormalizedName]
FROM [AspNetRoles] AS [a]
WHERE [a].[NormalizedName] = @__normalizedName_0
2025-08-09 01:58:09.110 +07:00 [INF] Executed DbCommand (6ms) [Parameters=[@__normalizedEmail_0='?' (Size = 256)], CommandType='"Text"', CommandTimeout='30']
SELECT TOP(2) [a].[Id], [a].[AccessFailedCount], [a].[AvatarUrl], [a].[Bio], [a].[ConcurrencyStamp], [a].[CreatedAt], [a].[DisplayName], [a].[Email], [a].[EmailConfirmed], [a].[IsOnline], [a].[LastActive], [a].[LockoutEnabled], [a].[LockoutEnd], [a].[NormalizedEmail], [a].[NormalizedUserName], [a].[PasswordHash], [a].[PhoneNumber], [a].[PhoneNumberConfirmed], [a].[SecurityStamp], [a].[TwoFactorEnabled], [a].[UserName]
FROM [AspNetUsers] AS [a]
WHERE [a].[NormalizedEmail] = @__normalizedEmail_0
2025-08-09 01:58:09.161 +07:00 [INF] Executed DbCommand (0ms) [Parameters=[@__normalizedEmail_0='?' (Size = 256)], CommandType='"Text"', CommandTimeout='30']
SELECT TOP(2) [a].[Id], [a].[AccessFailedCount], [a].[AvatarUrl], [a].[Bio], [a].[ConcurrencyStamp], [a].[CreatedAt], [a].[DisplayName], [a].[Email], [a].[EmailConfirmed], [a].[IsOnline], [a].[LastActive], [a].[LockoutEnabled], [a].[LockoutEnd], [a].[NormalizedEmail], [a].[NormalizedUserName], [a].[PasswordHash], [a].[PhoneNumber], [a].[PhoneNumberConfirmed], [a].[SecurityStamp], [a].[TwoFactorEnabled], [a].[UserName]
FROM [AspNetUsers] AS [a]
WHERE [a].[NormalizedEmail] = @__normalizedEmail_0
2025-08-09 01:58:09.165 +07:00 [INF] Executed DbCommand (1ms) [Parameters=[@__normalizedEmail_0='?' (Size = 256)], CommandType='"Text"', CommandTimeout='30']
SELECT TOP(2) [a].[Id], [a].[AccessFailedCount], [a].[AvatarUrl], [a].[Bio], [a].[ConcurrencyStamp], [a].[CreatedAt], [a].[DisplayName], [a].[Email], [a].[EmailConfirmed], [a].[IsOnline], [a].[LastActive], [a].[LockoutEnabled], [a].[LockoutEnd], [a].[NormalizedEmail], [a].[NormalizedUserName], [a].[PasswordHash], [a].[PhoneNumber], [a].[PhoneNumberConfirmed], [a].[SecurityStamp], [a].[TwoFactorEnabled], [a].[UserName]
FROM [AspNetUsers] AS [a]
WHERE [a].[NormalizedEmail] = @__normalizedEmail_0
2025-08-09 01:58:09.169 +07:00 [INF] Executed DbCommand (0ms) [Parameters=[@__normalizedEmail_0='?' (Size = 256)], CommandType='"Text"', CommandTimeout='30']
SELECT TOP(2) [a].[Id], [a].[AccessFailedCount], [a].[AvatarUrl], [a].[Bio], [a].[ConcurrencyStamp], [a].[CreatedAt], [a].[DisplayName], [a].[Email], [a].[EmailConfirmed], [a].[IsOnline], [a].[LastActive], [a].[LockoutEnabled], [a].[LockoutEnd], [a].[NormalizedEmail], [a].[NormalizedUserName], [a].[PasswordHash], [a].[PhoneNumber], [a].[PhoneNumberConfirmed], [a].[SecurityStamp], [a].[TwoFactorEnabled], [a].[UserName]
FROM [AspNetUsers] AS [a]
WHERE [a].[NormalizedEmail] = @__normalizedEmail_0
2025-08-09 01:58:09.172 +07:00 [INF] Executed DbCommand (1ms) [Parameters=[@__normalizedEmail_0='?' (Size = 256)], CommandType='"Text"', CommandTimeout='30']
SELECT TOP(2) [a].[Id], [a].[AccessFailedCount], [a].[AvatarUrl], [a].[Bio], [a].[ConcurrencyStamp], [a].[CreatedAt], [a].[DisplayName], [a].[Email], [a].[EmailConfirmed], [a].[IsOnline], [a].[LastActive], [a].[LockoutEnabled], [a].[LockoutEnd], [a].[NormalizedEmail], [a].[NormalizedUserName], [a].[PasswordHash], [a].[PhoneNumber], [a].[PhoneNumberConfirmed], [a].[SecurityStamp], [a].[TwoFactorEnabled], [a].[UserName]
FROM [AspNetUsers] AS [a]
WHERE [a].[NormalizedEmail] = @__normalizedEmail_0
2025-08-09 01:58:09.176 +07:00 [INF] Executed DbCommand (0ms) [Parameters=[@__normalizedEmail_0='?' (Size = 256)], CommandType='"Text"', CommandTimeout='30']
SELECT TOP(2) [a].[Id], [a].[AccessFailedCount], [a].[AvatarUrl], [a].[Bio], [a].[ConcurrencyStamp], [a].[CreatedAt], [a].[DisplayName], [a].[Email], [a].[EmailConfirmed], [a].[IsOnline], [a].[LastActive], [a].[LockoutEnabled], [a].[LockoutEnd], [a].[NormalizedEmail], [a].[NormalizedUserName], [a].[PasswordHash], [a].[PhoneNumber], [a].[PhoneNumberConfirmed], [a].[SecurityStamp], [a].[TwoFactorEnabled], [a].[UserName]
FROM [AspNetUsers] AS [a]
WHERE [a].[NormalizedEmail] = @__normalizedEmail_0
2025-08-09 01:58:09.193 +07:00 [INF] Executed DbCommand (2ms) [Parameters=[], CommandType='"Text"', CommandTimeout='30']
SELECT CASE
    WHEN EXISTS (
        SELECT 1
        FROM [Chats] AS [c]) THEN CAST(1 AS bit)
    ELSE CAST(0 AS bit)
END
2025-08-09 01:58:09.198 +07:00 [INF] Database initialized successfully
2025-08-09 01:58:09.327 +07:00 [WRN] The WebRootPath was not found: D:\Work\ProfessionalProject\Zingle-App\server\Zingle.API\wwwroot. Static files may be unavailable.
2025-08-09 01:58:09.366 +07:00 [INF] Now listening on: http://localhost:5024
2025-08-09 01:58:09.367 +07:00 [INF] Application started. Press Ctrl+C to shut down.
2025-08-09 01:58:09.368 +07:00 [INF] Hosting environment: Development
2025-08-09 01:58:09.368 +07:00 [INF] Content root path: D:\Work\ProfessionalProject\Zingle-App\server\Zingle.API
2025-08-09 02:08:01.829 +07:00 [INF] Migrating database...
2025-08-09 02:08:02.025 +07:00 [INF] Executed DbCommand (16ms) [Parameters=[], CommandType='"Text"', CommandTimeout='30']
SELECT 1
2025-08-09 02:08:02.050 +07:00 [INF] Executed DbCommand (14ms) [Parameters=[], CommandType='"Text"', CommandTimeout='30']
SELECT OBJECT_ID(N'[__EFMigrationsHistory]');
2025-08-09 02:08:02.055 +07:00 [INF] Executed DbCommand (1ms) [Parameters=[], CommandType='"Text"', CommandTimeout='30']
SELECT 1
2025-08-09 02:08:02.057 +07:00 [INF] Executed DbCommand (0ms) [Parameters=[], CommandType='"Text"', CommandTimeout='30']
SELECT OBJECT_ID(N'[__EFMigrationsHistory]');
2025-08-09 02:08:02.076 +07:00 [INF] Executed DbCommand (9ms) [Parameters=[], CommandType='"Text"', CommandTimeout='30']
SELECT [MigrationId], [ProductVersion]
FROM [__EFMigrationsHistory]
ORDER BY [MigrationId];
2025-08-09 02:08:02.090 +07:00 [INF] No migrations were applied. The database is already up to date.
2025-08-09 02:08:02.250 +07:00 [INF] Executed DbCommand (11ms) [Parameters=[@__normalizedName_0='?' (Size = 256)], CommandType='"Text"', CommandTimeout='30']
SELECT TOP(1) [a].[Id], [a].[ConcurrencyStamp], [a].[Name], [a].[NormalizedName]
FROM [AspNetRoles] AS [a]
WHERE [a].[NormalizedName] = @__normalizedName_0
2025-08-09 02:08:02.282 +07:00 [INF] Executed DbCommand (0ms) [Parameters=[@__normalizedName_0='?' (Size = 256)], CommandType='"Text"', CommandTimeout='30']
SELECT TOP(1) [a].[Id], [a].[ConcurrencyStamp], [a].[Name], [a].[NormalizedName]
FROM [AspNetRoles] AS [a]
WHERE [a].[NormalizedName] = @__normalizedName_0
2025-08-09 02:08:02.295 +07:00 [INF] Executed DbCommand (3ms) [Parameters=[@__normalizedEmail_0='?' (Size = 256)], CommandType='"Text"', CommandTimeout='30']
SELECT TOP(2) [a].[Id], [a].[AccessFailedCount], [a].[AvatarUrl], [a].[Bio], [a].[ConcurrencyStamp], [a].[CreatedAt], [a].[DisplayName], [a].[Email], [a].[EmailConfirmed], [a].[IsOnline], [a].[LastActive], [a].[LockoutEnabled], [a].[LockoutEnd], [a].[NormalizedEmail], [a].[NormalizedUserName], [a].[PasswordHash], [a].[PhoneNumber], [a].[PhoneNumberConfirmed], [a].[SecurityStamp], [a].[TwoFactorEnabled], [a].[UserName]
FROM [AspNetUsers] AS [a]
WHERE [a].[NormalizedEmail] = @__normalizedEmail_0
2025-08-09 02:08:02.339 +07:00 [INF] Executed DbCommand (0ms) [Parameters=[@__normalizedEmail_0='?' (Size = 256)], CommandType='"Text"', CommandTimeout='30']
SELECT TOP(2) [a].[Id], [a].[AccessFailedCount], [a].[AvatarUrl], [a].[Bio], [a].[ConcurrencyStamp], [a].[CreatedAt], [a].[DisplayName], [a].[Email], [a].[EmailConfirmed], [a].[IsOnline], [a].[LastActive], [a].[LockoutEnabled], [a].[LockoutEnd], [a].[NormalizedEmail], [a].[NormalizedUserName], [a].[PasswordHash], [a].[PhoneNumber], [a].[PhoneNumberConfirmed], [a].[SecurityStamp], [a].[TwoFactorEnabled], [a].[UserName]
FROM [AspNetUsers] AS [a]
WHERE [a].[NormalizedEmail] = @__normalizedEmail_0
2025-08-09 02:08:02.341 +07:00 [INF] Executed DbCommand (0ms) [Parameters=[@__normalizedEmail_0='?' (Size = 256)], CommandType='"Text"', CommandTimeout='30']
SELECT TOP(2) [a].[Id], [a].[AccessFailedCount], [a].[AvatarUrl], [a].[Bio], [a].[ConcurrencyStamp], [a].[CreatedAt], [a].[DisplayName], [a].[Email], [a].[EmailConfirmed], [a].[IsOnline], [a].[LastActive], [a].[LockoutEnabled], [a].[LockoutEnd], [a].[NormalizedEmail], [a].[NormalizedUserName], [a].[PasswordHash], [a].[PhoneNumber], [a].[PhoneNumberConfirmed], [a].[SecurityStamp], [a].[TwoFactorEnabled], [a].[UserName]
FROM [AspNetUsers] AS [a]
WHERE [a].[NormalizedEmail] = @__normalizedEmail_0
2025-08-09 02:08:02.343 +07:00 [INF] Executed DbCommand (0ms) [Parameters=[@__normalizedEmail_0='?' (Size = 256)], CommandType='"Text"', CommandTimeout='30']
SELECT TOP(2) [a].[Id], [a].[AccessFailedCount], [a].[AvatarUrl], [a].[Bio], [a].[ConcurrencyStamp], [a].[CreatedAt], [a].[DisplayName], [a].[Email], [a].[EmailConfirmed], [a].[IsOnline], [a].[LastActive], [a].[LockoutEnabled], [a].[LockoutEnd], [a].[NormalizedEmail], [a].[NormalizedUserName], [a].[PasswordHash], [a].[PhoneNumber], [a].[PhoneNumberConfirmed], [a].[SecurityStamp], [a].[TwoFactorEnabled], [a].[UserName]
FROM [AspNetUsers] AS [a]
WHERE [a].[NormalizedEmail] = @__normalizedEmail_0
2025-08-09 02:08:02.344 +07:00 [INF] Executed DbCommand (0ms) [Parameters=[@__normalizedEmail_0='?' (Size = 256)], CommandType='"Text"', CommandTimeout='30']
SELECT TOP(2) [a].[Id], [a].[AccessFailedCount], [a].[AvatarUrl], [a].[Bio], [a].[ConcurrencyStamp], [a].[CreatedAt], [a].[DisplayName], [a].[Email], [a].[EmailConfirmed], [a].[IsOnline], [a].[LastActive], [a].[LockoutEnabled], [a].[LockoutEnd], [a].[NormalizedEmail], [a].[NormalizedUserName], [a].[PasswordHash], [a].[PhoneNumber], [a].[PhoneNumberConfirmed], [a].[SecurityStamp], [a].[TwoFactorEnabled], [a].[UserName]
FROM [AspNetUsers] AS [a]
WHERE [a].[NormalizedEmail] = @__normalizedEmail_0
2025-08-09 02:08:02.347 +07:00 [INF] Executed DbCommand (0ms) [Parameters=[@__normalizedEmail_0='?' (Size = 256)], CommandType='"Text"', CommandTimeout='30']
SELECT TOP(2) [a].[Id], [a].[AccessFailedCount], [a].[AvatarUrl], [a].[Bio], [a].[ConcurrencyStamp], [a].[CreatedAt], [a].[DisplayName], [a].[Email], [a].[EmailConfirmed], [a].[IsOnline], [a].[LastActive], [a].[LockoutEnabled], [a].[LockoutEnd], [a].[NormalizedEmail], [a].[NormalizedUserName], [a].[PasswordHash], [a].[PhoneNumber], [a].[PhoneNumberConfirmed], [a].[SecurityStamp], [a].[TwoFactorEnabled], [a].[UserName]
FROM [AspNetUsers] AS [a]
WHERE [a].[NormalizedEmail] = @__normalizedEmail_0
2025-08-09 02:08:02.362 +07:00 [INF] Executed DbCommand (3ms) [Parameters=[], CommandType='"Text"', CommandTimeout='30']
SELECT CASE
    WHEN EXISTS (
        SELECT 1
        FROM [Chats] AS [c]) THEN CAST(1 AS bit)
    ELSE CAST(0 AS bit)
END
2025-08-09 02:08:02.365 +07:00 [INF] Database initialized successfully
2025-08-09 02:08:02.399 +07:00 [WRN] The WebRootPath was not found: D:\Work\ProfessionalProject\Zingle-App\server\Zingle.API\wwwroot. Static files may be unavailable.
2025-08-09 02:08:02.419 +07:00 [INF] Now listening on: http://localhost:5024
2025-08-09 02:08:02.420 +07:00 [INF] Application started. Press Ctrl+C to shut down.
2025-08-09 02:08:02.421 +07:00 [INF] Hosting environment: Development
2025-08-09 02:08:02.421 +07:00 [INF] Content root path: D:\Work\ProfessionalProject\Zingle-App\server\Zingle.API
2025-08-09 02:08:05.912 +07:00 [WRN] Failed to determine the https port for redirect.
2025-08-09 02:08:06.959 +07:00 [WRN] CORS headers missing in response for GET /
2025-08-09 02:08:21.183 +07:00 [WRN] CORS headers missing in response for GET /docs
2025-08-09 16:40:17.073 +07:00 [INF] Migrating database...
2025-08-09 16:40:17.833 +07:00 [INF] Executed DbCommand (17ms) [Parameters=[], CommandType='"Text"', CommandTimeout='30']
SELECT 1
2025-08-09 16:40:17.861 +07:00 [INF] Executed DbCommand (16ms) [Parameters=[], CommandType='"Text"', CommandTimeout='30']
SELECT OBJECT_ID(N'[__EFMigrationsHistory]');
2025-08-09 16:40:17.865 +07:00 [INF] Executed DbCommand (1ms) [Parameters=[], CommandType='"Text"', CommandTimeout='30']
SELECT 1
2025-08-09 16:40:17.867 +07:00 [INF] Executed DbCommand (1ms) [Parameters=[], CommandType='"Text"', CommandTimeout='30']
SELECT OBJECT_ID(N'[__EFMigrationsHistory]');
2025-08-09 16:40:17.895 +07:00 [INF] Executed DbCommand (17ms) [Parameters=[], CommandType='"Text"', CommandTimeout='30']
SELECT [MigrationId], [ProductVersion]
FROM [__EFMigrationsHistory]
ORDER BY [MigrationId];
2025-08-09 16:40:17.909 +07:00 [INF] No migrations were applied. The database is already up to date.
2025-08-09 16:40:18.142 +07:00 [INF] Executed DbCommand (56ms) [Parameters=[@__normalizedName_0='?' (Size = 256)], CommandType='"Text"', CommandTimeout='30']
SELECT TOP(1) [a].[Id], [a].[ConcurrencyStamp], [a].[Name], [a].[NormalizedName]
FROM [AspNetRoles] AS [a]
WHERE [a].[NormalizedName] = @__normalizedName_0
2025-08-09 16:40:18.176 +07:00 [INF] Executed DbCommand (0ms) [Parameters=[@__normalizedName_0='?' (Size = 256)], CommandType='"Text"', CommandTimeout='30']
SELECT TOP(1) [a].[Id], [a].[ConcurrencyStamp], [a].[Name], [a].[NormalizedName]
FROM [AspNetRoles] AS [a]
WHERE [a].[NormalizedName] = @__normalizedName_0
2025-08-09 16:40:18.193 +07:00 [INF] Executed DbCommand (6ms) [Parameters=[@__normalizedEmail_0='?' (Size = 256)], CommandType='"Text"', CommandTimeout='30']
SELECT TOP(2) [a].[Id], [a].[AccessFailedCount], [a].[AvatarUrl], [a].[Bio], [a].[ConcurrencyStamp], [a].[CreatedAt], [a].[DisplayName], [a].[Email], [a].[EmailConfirmed], [a].[IsOnline], [a].[LastActive], [a].[LockoutEnabled], [a].[LockoutEnd], [a].[NormalizedEmail], [a].[NormalizedUserName], [a].[PasswordHash], [a].[PhoneNumber], [a].[PhoneNumberConfirmed], [a].[SecurityStamp], [a].[TwoFactorEnabled], [a].[UserName]
FROM [AspNetUsers] AS [a]
WHERE [a].[NormalizedEmail] = @__normalizedEmail_0
2025-08-09 16:40:18.240 +07:00 [INF] Executed DbCommand (0ms) [Parameters=[@__normalizedEmail_0='?' (Size = 256)], CommandType='"Text"', CommandTimeout='30']
SELECT TOP(2) [a].[Id], [a].[AccessFailedCount], [a].[AvatarUrl], [a].[Bio], [a].[ConcurrencyStamp], [a].[CreatedAt], [a].[DisplayName], [a].[Email], [a].[EmailConfirmed], [a].[IsOnline], [a].[LastActive], [a].[LockoutEnabled], [a].[LockoutEnd], [a].[NormalizedEmail], [a].[NormalizedUserName], [a].[PasswordHash], [a].[PhoneNumber], [a].[PhoneNumberConfirmed], [a].[SecurityStamp], [a].[TwoFactorEnabled], [a].[UserName]
FROM [AspNetUsers] AS [a]
WHERE [a].[NormalizedEmail] = @__normalizedEmail_0
2025-08-09 16:40:18.242 +07:00 [INF] Executed DbCommand (0ms) [Parameters=[@__normalizedEmail_0='?' (Size = 256)], CommandType='"Text"', CommandTimeout='30']
SELECT TOP(2) [a].[Id], [a].[AccessFailedCount], [a].[AvatarUrl], [a].[Bio], [a].[ConcurrencyStamp], [a].[CreatedAt], [a].[DisplayName], [a].[Email], [a].[EmailConfirmed], [a].[IsOnline], [a].[LastActive], [a].[LockoutEnabled], [a].[LockoutEnd], [a].[NormalizedEmail], [a].[NormalizedUserName], [a].[PasswordHash], [a].[PhoneNumber], [a].[PhoneNumberConfirmed], [a].[SecurityStamp], [a].[TwoFactorEnabled], [a].[UserName]
FROM [AspNetUsers] AS [a]
WHERE [a].[NormalizedEmail] = @__normalizedEmail_0
2025-08-09 16:40:18.245 +07:00 [INF] Executed DbCommand (0ms) [Parameters=[@__normalizedEmail_0='?' (Size = 256)], CommandType='"Text"', CommandTimeout='30']
SELECT TOP(2) [a].[Id], [a].[AccessFailedCount], [a].[AvatarUrl], [a].[Bio], [a].[ConcurrencyStamp], [a].[CreatedAt], [a].[DisplayName], [a].[Email], [a].[EmailConfirmed], [a].[IsOnline], [a].[LastActive], [a].[LockoutEnabled], [a].[LockoutEnd], [a].[NormalizedEmail], [a].[NormalizedUserName], [a].[PasswordHash], [a].[PhoneNumber], [a].[PhoneNumberConfirmed], [a].[SecurityStamp], [a].[TwoFactorEnabled], [a].[UserName]
FROM [AspNetUsers] AS [a]
WHERE [a].[NormalizedEmail] = @__normalizedEmail_0
2025-08-09 16:40:18.247 +07:00 [INF] Executed DbCommand (0ms) [Parameters=[@__normalizedEmail_0='?' (Size = 256)], CommandType='"Text"', CommandTimeout='30']
SELECT TOP(2) [a].[Id], [a].[AccessFailedCount], [a].[AvatarUrl], [a].[Bio], [a].[ConcurrencyStamp], [a].[CreatedAt], [a].[DisplayName], [a].[Email], [a].[EmailConfirmed], [a].[IsOnline], [a].[LastActive], [a].[LockoutEnabled], [a].[LockoutEnd], [a].[NormalizedEmail], [a].[NormalizedUserName], [a].[PasswordHash], [a].[PhoneNumber], [a].[PhoneNumberConfirmed], [a].[SecurityStamp], [a].[TwoFactorEnabled], [a].[UserName]
FROM [AspNetUsers] AS [a]
WHERE [a].[NormalizedEmail] = @__normalizedEmail_0
2025-08-09 16:40:18.249 +07:00 [INF] Executed DbCommand (0ms) [Parameters=[@__normalizedEmail_0='?' (Size = 256)], CommandType='"Text"', CommandTimeout='30']
SELECT TOP(2) [a].[Id], [a].[AccessFailedCount], [a].[AvatarUrl], [a].[Bio], [a].[ConcurrencyStamp], [a].[CreatedAt], [a].[DisplayName], [a].[Email], [a].[EmailConfirmed], [a].[IsOnline], [a].[LastActive], [a].[LockoutEnabled], [a].[LockoutEnd], [a].[NormalizedEmail], [a].[NormalizedUserName], [a].[PasswordHash], [a].[PhoneNumber], [a].[PhoneNumberConfirmed], [a].[SecurityStamp], [a].[TwoFactorEnabled], [a].[UserName]
FROM [AspNetUsers] AS [a]
WHERE [a].[NormalizedEmail] = @__normalizedEmail_0
2025-08-09 16:40:18.265 +07:00 [INF] Executed DbCommand (3ms) [Parameters=[], CommandType='"Text"', CommandTimeout='30']
SELECT CASE
    WHEN EXISTS (
        SELECT 1
        FROM [Chats] AS [c]) THEN CAST(1 AS bit)
    ELSE CAST(0 AS bit)
END
2025-08-09 16:40:18.269 +07:00 [INF] Database initialized successfully
2025-08-09 16:40:18.374 +07:00 [WRN] The WebRootPath was not found: D:\Work\ProfessionalProject\Zingle-App\server\Zingle.API\wwwroot. Static files may be unavailable.
2025-08-09 16:40:18.408 +07:00 [INF] Now listening on: http://localhost:5024
2025-08-09 16:40:18.409 +07:00 [INF] Application started. Press Ctrl+C to shut down.
2025-08-09 16:40:18.410 +07:00 [INF] Hosting environment: Development
2025-08-09 16:40:18.410 +07:00 [INF] Content root path: D:\Work\ProfessionalProject\Zingle-App\server\Zingle.API
2025-08-09 16:40:24.501 +07:00 [WRN] Failed to determine the https port for redirect.
2025-08-09 16:40:25.530 +07:00 [WRN] CORS headers missing in response for GET /
2025-08-09 17:47:55.582 +07:00 [INF] Migrating database...
2025-08-09 17:47:55.848 +07:00 [INF] Executed DbCommand (21ms) [Parameters=[], CommandType='"Text"', CommandTimeout='30']
SELECT 1
2025-08-09 17:47:55.875 +07:00 [INF] Executed DbCommand (15ms) [Parameters=[], CommandType='"Text"', CommandTimeout='30']
SELECT OBJECT_ID(N'[__EFMigrationsHistory]');
2025-08-09 17:47:55.879 +07:00 [INF] Executed DbCommand (0ms) [Parameters=[], CommandType='"Text"', CommandTimeout='30']
SELECT 1
2025-08-09 17:47:55.881 +07:00 [INF] Executed DbCommand (0ms) [Parameters=[], CommandType='"Text"', CommandTimeout='30']
SELECT OBJECT_ID(N'[__EFMigrationsHistory]');
2025-08-09 17:47:55.905 +07:00 [INF] Executed DbCommand (14ms) [Parameters=[], CommandType='"Text"', CommandTimeout='30']
SELECT [MigrationId], [ProductVersion]
FROM [__EFMigrationsHistory]
ORDER BY [MigrationId];
2025-08-09 17:47:55.920 +07:00 [INF] No migrations were applied. The database is already up to date.
2025-08-09 17:47:56.111 +07:00 [INF] Executed DbCommand (18ms) [Parameters=[@__normalizedName_0='?' (Size = 256)], CommandType='"Text"', CommandTimeout='30']
SELECT TOP(1) [a].[Id], [a].[ConcurrencyStamp], [a].[Name], [a].[NormalizedName]
FROM [AspNetRoles] AS [a]
WHERE [a].[NormalizedName] = @__normalizedName_0
2025-08-09 17:47:56.147 +07:00 [INF] Executed DbCommand (0ms) [Parameters=[@__normalizedName_0='?' (Size = 256)], CommandType='"Text"', CommandTimeout='30']
SELECT TOP(1) [a].[Id], [a].[ConcurrencyStamp], [a].[Name], [a].[NormalizedName]
FROM [AspNetRoles] AS [a]
WHERE [a].[NormalizedName] = @__normalizedName_0
2025-08-09 17:47:56.164 +07:00 [INF] Executed DbCommand (5ms) [Parameters=[@__normalizedEmail_0='?' (Size = 256)], CommandType='"Text"', CommandTimeout='30']
SELECT TOP(2) [a].[Id], [a].[AccessFailedCount], [a].[AvatarUrl], [a].[Bio], [a].[ConcurrencyStamp], [a].[CreatedAt], [a].[DisplayName], [a].[Email], [a].[EmailConfirmed], [a].[IsOnline], [a].[LastActive], [a].[LockoutEnabled], [a].[LockoutEnd], [a].[NormalizedEmail], [a].[NormalizedUserName], [a].[PasswordHash], [a].[PhoneNumber], [a].[PhoneNumberConfirmed], [a].[SecurityStamp], [a].[TwoFactorEnabled], [a].[UserName]
FROM [AspNetUsers] AS [a]
WHERE [a].[NormalizedEmail] = @__normalizedEmail_0
2025-08-09 17:47:56.216 +07:00 [INF] Executed DbCommand (1ms) [Parameters=[@__normalizedEmail_0='?' (Size = 256)], CommandType='"Text"', CommandTimeout='30']
SELECT TOP(2) [a].[Id], [a].[AccessFailedCount], [a].[AvatarUrl], [a].[Bio], [a].[ConcurrencyStamp], [a].[CreatedAt], [a].[DisplayName], [a].[Email], [a].[EmailConfirmed], [a].[IsOnline], [a].[LastActive], [a].[LockoutEnabled], [a].[LockoutEnd], [a].[NormalizedEmail], [a].[NormalizedUserName], [a].[PasswordHash], [a].[PhoneNumber], [a].[PhoneNumberConfirmed], [a].[SecurityStamp], [a].[TwoFactorEnabled], [a].[UserName]
FROM [AspNetUsers] AS [a]
WHERE [a].[NormalizedEmail] = @__normalizedEmail_0
2025-08-09 17:47:56.219 +07:00 [INF] Executed DbCommand (0ms) [Parameters=[@__normalizedEmail_0='?' (Size = 256)], CommandType='"Text"', CommandTimeout='30']
SELECT TOP(2) [a].[Id], [a].[AccessFailedCount], [a].[AvatarUrl], [a].[Bio], [a].[ConcurrencyStamp], [a].[CreatedAt], [a].[DisplayName], [a].[Email], [a].[EmailConfirmed], [a].[IsOnline], [a].[LastActive], [a].[LockoutEnabled], [a].[LockoutEnd], [a].[NormalizedEmail], [a].[NormalizedUserName], [a].[PasswordHash], [a].[PhoneNumber], [a].[PhoneNumberConfirmed], [a].[SecurityStamp], [a].[TwoFactorEnabled], [a].[UserName]
FROM [AspNetUsers] AS [a]
WHERE [a].[NormalizedEmail] = @__normalizedEmail_0
2025-08-09 17:47:56.220 +07:00 [INF] Executed DbCommand (0ms) [Parameters=[@__normalizedEmail_0='?' (Size = 256)], CommandType='"Text"', CommandTimeout='30']
SELECT TOP(2) [a].[Id], [a].[AccessFailedCount], [a].[AvatarUrl], [a].[Bio], [a].[ConcurrencyStamp], [a].[CreatedAt], [a].[DisplayName], [a].[Email], [a].[EmailConfirmed], [a].[IsOnline], [a].[LastActive], [a].[LockoutEnabled], [a].[LockoutEnd], [a].[NormalizedEmail], [a].[NormalizedUserName], [a].[PasswordHash], [a].[PhoneNumber], [a].[PhoneNumberConfirmed], [a].[SecurityStamp], [a].[TwoFactorEnabled], [a].[UserName]
FROM [AspNetUsers] AS [a]
WHERE [a].[NormalizedEmail] = @__normalizedEmail_0
2025-08-09 17:47:56.222 +07:00 [INF] Executed DbCommand (0ms) [Parameters=[@__normalizedEmail_0='?' (Size = 256)], CommandType='"Text"', CommandTimeout='30']
SELECT TOP(2) [a].[Id], [a].[AccessFailedCount], [a].[AvatarUrl], [a].[Bio], [a].[ConcurrencyStamp], [a].[CreatedAt], [a].[DisplayName], [a].[Email], [a].[EmailConfirmed], [a].[IsOnline], [a].[LastActive], [a].[LockoutEnabled], [a].[LockoutEnd], [a].[NormalizedEmail], [a].[NormalizedUserName], [a].[PasswordHash], [a].[PhoneNumber], [a].[PhoneNumberConfirmed], [a].[SecurityStamp], [a].[TwoFactorEnabled], [a].[UserName]
FROM [AspNetUsers] AS [a]
WHERE [a].[NormalizedEmail] = @__normalizedEmail_0
2025-08-09 17:47:56.225 +07:00 [INF] Executed DbCommand (0ms) [Parameters=[@__normalizedEmail_0='?' (Size = 256)], CommandType='"Text"', CommandTimeout='30']
SELECT TOP(2) [a].[Id], [a].[AccessFailedCount], [a].[AvatarUrl], [a].[Bio], [a].[ConcurrencyStamp], [a].[CreatedAt], [a].[DisplayName], [a].[Email], [a].[EmailConfirmed], [a].[IsOnline], [a].[LastActive], [a].[LockoutEnabled], [a].[LockoutEnd], [a].[NormalizedEmail], [a].[NormalizedUserName], [a].[PasswordHash], [a].[PhoneNumber], [a].[PhoneNumberConfirmed], [a].[SecurityStamp], [a].[TwoFactorEnabled], [a].[UserName]
FROM [AspNetUsers] AS [a]
WHERE [a].[NormalizedEmail] = @__normalizedEmail_0
2025-08-09 17:47:56.239 +07:00 [INF] Executed DbCommand (2ms) [Parameters=[], CommandType='"Text"', CommandTimeout='30']
SELECT CASE
    WHEN EXISTS (
        SELECT 1
        FROM [Chats] AS [c]) THEN CAST(1 AS bit)
    ELSE CAST(0 AS bit)
END
2025-08-09 17:47:56.242 +07:00 [INF] Database initialized successfully
2025-08-09 17:47:56.297 +07:00 [WRN] The WebRootPath was not found: D:\Work\ProfessionalProject\Zingle-App\server\Zingle.API\wwwroot. Static files may be unavailable.
2025-08-09 17:47:56.334 +07:00 [INF] Now listening on: http://localhost:5024
2025-08-09 17:47:56.335 +07:00 [INF] Application started. Press Ctrl+C to shut down.
2025-08-09 17:47:56.335 +07:00 [INF] Hosting environment: Development
2025-08-09 17:47:56.336 +07:00 [INF] Content root path: D:\Work\ProfessionalProject\Zingle-App\server\Zingle.API
2025-08-09 17:48:55.578 +07:00 [WRN] Failed to determine the https port for redirect.
2025-08-09 17:48:55.615 +07:00 [WRN] CORS headers missing in response for GET /docs
2025-08-09 17:49:10.956 +07:00 [WRN] CORS headers missing in response for GET /
2025-08-09 17:49:18.765 +07:00 [WRN] CORS headers missing in response for GET /swagger
2025-08-09 17:49:18.831 +07:00 [WRN] CORS headers missing in response for GET /swagger/index.html
2025-08-09 17:49:18.884 +07:00 [WRN] CORS headers missing in response for GET /swagger/index.js
2025-08-09 17:49:18.887 +07:00 [WRN] CORS headers missing in response for GET /swagger/index.css
2025-08-09 17:49:18.887 +07:00 [WRN] CORS headers missing in response for GET /swagger/swagger-ui-bundle.js
2025-08-09 17:49:18.887 +07:00 [WRN] CORS headers missing in response for GET /swagger/swagger-ui-standalone-preset.js
2025-08-09 17:49:18.888 +07:00 [WRN] CORS headers missing in response for GET /swagger/swagger-ui.css
2025-08-09 17:49:19.084 +07:00 [WRN] CORS headers missing in response for GET /swagger/favicon-32x32.png
2025-08-09 17:49:19.161 +07:00 [WRN] CORS headers missing in response for GET /swagger/v1/swagger.json
