2025-08-11 15:48:59.960 +07:00 [INF] Migrating database...
2025-08-11 15:49:01.466 +07:00 [INF] Executed DbCommand (35ms) [Parameters=[], CommandType='"Text"', CommandTimeout='30']
SELECT 1
2025-08-11 15:49:01.519 +07:00 [INF] Executed DbCommand (26ms) [Parameters=[], CommandType='"Text"', CommandTimeout='30']
SELECT OBJECT_ID(N'[__EFMigrationsHistory]');
2025-08-11 15:49:01.525 +07:00 [INF] Executed DbCommand (1ms) [Parameters=[], CommandType='"Text"', CommandTimeout='30']
SELECT 1
2025-08-11 15:49:01.529 +07:00 [INF] Executed DbCommand (1ms) [Parameters=[], CommandType='"Text"', CommandTimeout='30']
SELECT OBJECT_ID(N'[__EFMigrationsHistory]');
2025-08-11 15:49:01.583 +07:00 [INF] Executed DbCommand (30ms) [Parameters=[], CommandType='"Text"', CommandTimeout='30']
SELECT [MigrationId], [ProductVersion]
FROM [__EFMigrationsHistory]
ORDER BY [MigrationId];
2025-08-11 15:49:01.607 +07:00 [INF] No migrations were applied. The database is already up to date.
2025-08-11 15:49:01.967 +07:00 [INF] Executed DbCommand (118ms) [Parameters=[@__normalizedName_0='?' (Size = 256)], CommandType='"Text"', CommandTimeout='30']
SELECT TOP(1) [a].[Id], [a].[ConcurrencyStamp], [a].[Name], [a].[NormalizedName]
FROM [AspNetRoles] AS [a]
WHERE [a].[NormalizedName] = @__normalizedName_0
2025-08-11 15:49:02.063 +07:00 [INF] Executed DbCommand (1ms) [Parameters=[@__normalizedName_0='?' (Size = 256)], CommandType='"Text"', CommandTimeout='30']
SELECT TOP(1) [a].[Id], [a].[ConcurrencyStamp], [a].[Name], [a].[NormalizedName]
FROM [AspNetRoles] AS [a]
WHERE [a].[NormalizedName] = @__normalizedName_0
2025-08-11 15:49:02.095 +07:00 [INF] Executed DbCommand (12ms) [Parameters=[@__normalizedEmail_0='?' (Size = 256)], CommandType='"Text"', CommandTimeout='30']
SELECT TOP(2) [a].[Id], [a].[AccessFailedCount], [a].[AvatarUrl], [a].[Bio], [a].[ConcurrencyStamp], [a].[CreatedAt], [a].[DisplayName], [a].[Email], [a].[EmailConfirmed], [a].[IsOnline], [a].[LastActive], [a].[LockoutEnabled], [a].[LockoutEnd], [a].[NormalizedEmail], [a].[NormalizedUserName], [a].[PasswordHash], [a].[PhoneNumber], [a].[PhoneNumberConfirmed], [a].[SecurityStamp], [a].[TwoFactorEnabled], [a].[UserName]
FROM [AspNetUsers] AS [a]
WHERE [a].[NormalizedEmail] = @__normalizedEmail_0
2025-08-11 15:49:02.177 +07:00 [INF] Executed DbCommand (1ms) [Parameters=[@__normalizedEmail_0='?' (Size = 256)], CommandType='"Text"', CommandTimeout='30']
SELECT TOP(2) [a].[Id], [a].[AccessFailedCount], [a].[AvatarUrl], [a].[Bio], [a].[ConcurrencyStamp], [a].[CreatedAt], [a].[DisplayName], [a].[Email], [a].[EmailConfirmed], [a].[IsOnline], [a].[LastActive], [a].[LockoutEnabled], [a].[LockoutEnd], [a].[NormalizedEmail], [a].[NormalizedUserName], [a].[PasswordHash], [a].[PhoneNumber], [a].[PhoneNumberConfirmed], [a].[SecurityStamp], [a].[TwoFactorEnabled], [a].[UserName]
FROM [AspNetUsers] AS [a]
WHERE [a].[NormalizedEmail] = @__normalizedEmail_0
2025-08-11 15:49:02.181 +07:00 [INF] Executed DbCommand (1ms) [Parameters=[@__normalizedEmail_0='?' (Size = 256)], CommandType='"Text"', CommandTimeout='30']
SELECT TOP(2) [a].[Id], [a].[AccessFailedCount], [a].[AvatarUrl], [a].[Bio], [a].[ConcurrencyStamp], [a].[CreatedAt], [a].[DisplayName], [a].[Email], [a].[EmailConfirmed], [a].[IsOnline], [a].[LastActive], [a].[LockoutEnabled], [a].[LockoutEnd], [a].[NormalizedEmail], [a].[NormalizedUserName], [a].[PasswordHash], [a].[PhoneNumber], [a].[PhoneNumberConfirmed], [a].[SecurityStamp], [a].[TwoFactorEnabled], [a].[UserName]
FROM [AspNetUsers] AS [a]
WHERE [a].[NormalizedEmail] = @__normalizedEmail_0
2025-08-11 15:49:02.185 +07:00 [INF] Executed DbCommand (1ms) [Parameters=[@__normalizedEmail_0='?' (Size = 256)], CommandType='"Text"', CommandTimeout='30']
SELECT TOP(2) [a].[Id], [a].[AccessFailedCount], [a].[AvatarUrl], [a].[Bio], [a].[ConcurrencyStamp], [a].[CreatedAt], [a].[DisplayName], [a].[Email], [a].[EmailConfirmed], [a].[IsOnline], [a].[LastActive], [a].[LockoutEnabled], [a].[LockoutEnd], [a].[NormalizedEmail], [a].[NormalizedUserName], [a].[PasswordHash], [a].[PhoneNumber], [a].[PhoneNumberConfirmed], [a].[SecurityStamp], [a].[TwoFactorEnabled], [a].[UserName]
FROM [AspNetUsers] AS [a]
WHERE [a].[NormalizedEmail] = @__normalizedEmail_0
2025-08-11 15:49:02.189 +07:00 [INF] Executed DbCommand (1ms) [Parameters=[@__normalizedEmail_0='?' (Size = 256)], CommandType='"Text"', CommandTimeout='30']
SELECT TOP(2) [a].[Id], [a].[AccessFailedCount], [a].[AvatarUrl], [a].[Bio], [a].[ConcurrencyStamp], [a].[CreatedAt], [a].[DisplayName], [a].[Email], [a].[EmailConfirmed], [a].[IsOnline], [a].[LastActive], [a].[LockoutEnabled], [a].[LockoutEnd], [a].[NormalizedEmail], [a].[NormalizedUserName], [a].[PasswordHash], [a].[PhoneNumber], [a].[PhoneNumberConfirmed], [a].[SecurityStamp], [a].[TwoFactorEnabled], [a].[UserName]
FROM [AspNetUsers] AS [a]
WHERE [a].[NormalizedEmail] = @__normalizedEmail_0
2025-08-11 15:49:02.193 +07:00 [INF] Executed DbCommand (1ms) [Parameters=[@__normalizedEmail_0='?' (Size = 256)], CommandType='"Text"', CommandTimeout='30']
SELECT TOP(2) [a].[Id], [a].[AccessFailedCount], [a].[AvatarUrl], [a].[Bio], [a].[ConcurrencyStamp], [a].[CreatedAt], [a].[DisplayName], [a].[Email], [a].[EmailConfirmed], [a].[IsOnline], [a].[LastActive], [a].[LockoutEnabled], [a].[LockoutEnd], [a].[NormalizedEmail], [a].[NormalizedUserName], [a].[PasswordHash], [a].[PhoneNumber], [a].[PhoneNumberConfirmed], [a].[SecurityStamp], [a].[TwoFactorEnabled], [a].[UserName]
FROM [AspNetUsers] AS [a]
WHERE [a].[NormalizedEmail] = @__normalizedEmail_0
2025-08-11 15:49:02.217 +07:00 [INF] Executed DbCommand (4ms) [Parameters=[], CommandType='"Text"', CommandTimeout='30']
SELECT CASE
    WHEN EXISTS (
        SELECT 1
        FROM [Chats] AS [c]) THEN CAST(1 AS bit)
    ELSE CAST(0 AS bit)
END
2025-08-11 15:49:02.222 +07:00 [INF] Database initialized successfully
2025-08-11 15:49:02.381 +07:00 [WRN] The WebRootPath was not found: D:\Work\ProfessionalProject\Zingle-App\server\Zingle.API\wwwroot. Static files may be unavailable.
2025-08-11 15:49:02.425 +07:00 [INF] Now listening on: http://localhost:5024
2025-08-11 15:49:02.426 +07:00 [INF] Application started. Press Ctrl+C to shut down.
2025-08-11 15:49:02.427 +07:00 [INF] Hosting environment: Development
2025-08-11 15:49:02.428 +07:00 [INF] Content root path: D:\Work\ProfessionalProject\Zingle-App\server\Zingle.API
2025-08-11 15:49:02.605 +07:00 [WRN] CORS headers missing in response for GET /swagger
2025-08-11 15:49:02.688 +07:00 [WRN] CORS headers missing in response for GET /swagger/index.html
2025-08-11 15:49:02.782 +07:00 [WRN] CORS headers missing in response for GET /swagger/index.js
2025-08-11 15:49:02.786 +07:00 [WRN] CORS headers missing in response for GET /swagger/index.css
2025-08-11 15:49:02.787 +07:00 [WRN] CORS headers missing in response for GET /swagger/swagger-ui-standalone-preset.js
2025-08-11 15:49:02.787 +07:00 [WRN] CORS headers missing in response for GET /swagger/swagger-ui.css
2025-08-11 15:49:02.787 +07:00 [WRN] CORS headers missing in response for GET /swagger/swagger-ui-bundle.js
2025-08-11 15:49:03.195 +07:00 [WRN] CORS headers missing in response for GET /swagger/v1/swagger.json
2025-08-11 15:55:11.855 +07:00 [WRN] Failed to determine the https port for redirect.
2025-08-11 15:55:54.262 +07:00 [INF] Executed DbCommand (11ms) [Parameters=[@__normalizedEmail_0='?' (Size = 256)], CommandType='"Text"', CommandTimeout='30']
SELECT TOP(2) [a].[Id], [a].[AccessFailedCount], [a].[AvatarUrl], [a].[Bio], [a].[ConcurrencyStamp], [a].[CreatedAt], [a].[DisplayName], [a].[Email], [a].[EmailConfirmed], [a].[IsOnline], [a].[LastActive], [a].[LockoutEnabled], [a].[LockoutEnd], [a].[NormalizedEmail], [a].[NormalizedUserName], [a].[PasswordHash], [a].[PhoneNumber], [a].[PhoneNumberConfirmed], [a].[SecurityStamp], [a].[TwoFactorEnabled], [a].[UserName]
FROM [AspNetUsers] AS [a]
WHERE [a].[NormalizedEmail] = @__normalizedEmail_0
2025-08-11 15:55:54.276 +07:00 [INF] Executed DbCommand (3ms) [Parameters=[@__normalizedUserName_0='?' (Size = 256)], CommandType='"Text"', CommandTimeout='30']
SELECT TOP(1) [a].[Id], [a].[AccessFailedCount], [a].[AvatarUrl], [a].[Bio], [a].[ConcurrencyStamp], [a].[CreatedAt], [a].[DisplayName], [a].[Email], [a].[EmailConfirmed], [a].[IsOnline], [a].[LastActive], [a].[LockoutEnabled], [a].[LockoutEnd], [a].[NormalizedEmail], [a].[NormalizedUserName], [a].[PasswordHash], [a].[PhoneNumber], [a].[PhoneNumberConfirmed], [a].[SecurityStamp], [a].[TwoFactorEnabled], [a].[UserName]
FROM [AspNetUsers] AS [a]
WHERE [a].[NormalizedUserName] = @__normalizedUserName_0
2025-08-11 15:55:54.345 +07:00 [INF] Executed DbCommand (1ms) [Parameters=[@__normalizedUserName_0='?' (Size = 256)], CommandType='"Text"', CommandTimeout='30']
SELECT TOP(1) [a].[Id], [a].[AccessFailedCount], [a].[AvatarUrl], [a].[Bio], [a].[ConcurrencyStamp], [a].[CreatedAt], [a].[DisplayName], [a].[Email], [a].[EmailConfirmed], [a].[IsOnline], [a].[LastActive], [a].[LockoutEnabled], [a].[LockoutEnd], [a].[NormalizedEmail], [a].[NormalizedUserName], [a].[PasswordHash], [a].[PhoneNumber], [a].[PhoneNumberConfirmed], [a].[SecurityStamp], [a].[TwoFactorEnabled], [a].[UserName]
FROM [AspNetUsers] AS [a]
WHERE [a].[NormalizedUserName] = @__normalizedUserName_0
2025-08-11 15:55:54.351 +07:00 [INF] Executed DbCommand (1ms) [Parameters=[@__normalizedEmail_0='?' (Size = 256)], CommandType='"Text"', CommandTimeout='30']
SELECT TOP(2) [a].[Id], [a].[AccessFailedCount], [a].[AvatarUrl], [a].[Bio], [a].[ConcurrencyStamp], [a].[CreatedAt], [a].[DisplayName], [a].[Email], [a].[EmailConfirmed], [a].[IsOnline], [a].[LastActive], [a].[LockoutEnabled], [a].[LockoutEnd], [a].[NormalizedEmail], [a].[NormalizedUserName], [a].[PasswordHash], [a].[PhoneNumber], [a].[PhoneNumberConfirmed], [a].[SecurityStamp], [a].[TwoFactorEnabled], [a].[UserName]
FROM [AspNetUsers] AS [a]
WHERE [a].[NormalizedEmail] = @__normalizedEmail_0
2025-08-11 15:55:54.443 +07:00 [INF] Executed DbCommand (10ms) [Parameters=[@p0='?' (Size = 450), @p1='?' (DbType = Int32), @p2='?' (Size = 4000), @p3='?' (Size = 4000), @p4='?' (Size = 4000), @p5='?' (DbType = DateTime2), @p6='?' (Size = 4000), @p7='?' (Size = 256), @p8='?' (DbType = Boolean), @p9='?' (DbType = Boolean), @p10='?' (DbType = DateTime2), @p11='?' (DbType = Boolean), @p12='?' (DbType = DateTimeOffset), @p13='?' (Size = 256), @p14='?' (Size = 256), @p15='?' (Size = 4000), @p16='?' (Size = 4000), @p17='?' (DbType = Boolean), @p18='?' (Size = 4000), @p19='?' (DbType = Boolean), @p20='?' (Size = 256)], CommandType='"Text"', CommandTimeout='30']
SET IMPLICIT_TRANSACTIONS OFF;
SET NOCOUNT ON;
INSERT INTO [AspNetUsers] ([Id], [AccessFailedCount], [AvatarUrl], [Bio], [ConcurrencyStamp], [CreatedAt], [DisplayName], [Email], [EmailConfirmed], [IsOnline], [LastActive], [LockoutEnabled], [LockoutEnd], [NormalizedEmail], [NormalizedUserName], [PasswordHash], [PhoneNumber], [PhoneNumberConfirmed], [SecurityStamp], [TwoFactorEnabled], [UserName])
VALUES (@p0, @p1, @p2, @p3, @p4, @p5, @p6, @p7, @p8, @p9, @p10, @p11, @p12, @p13, @p14, @p15, @p16, @p17, @p18, @p19, @p20);
2025-08-11 15:55:54.464 +07:00 [INF] Executed DbCommand (3ms) [Parameters=[@__normalizedRoleName_0='?' (Size = 256)], CommandType='"Text"', CommandTimeout='30']
SELECT TOP(2) [a].[Id], [a].[ConcurrencyStamp], [a].[Name], [a].[NormalizedName]
FROM [AspNetRoles] AS [a]
WHERE [a].[NormalizedName] = @__normalizedRoleName_0
2025-08-11 15:55:54.495 +07:00 [INF] Executed DbCommand (2ms) [Parameters=[@__p_0='?' (Size = 450), @__p_1='?' (Size = 450)], CommandType='"Text"', CommandTimeout='30']
SELECT TOP(1) [a].[UserId], [a].[RoleId]
FROM [AspNetUserRoles] AS [a]
WHERE [a].[UserId] = @__p_0 AND [a].[RoleId] = @__p_1
2025-08-11 15:55:54.500 +07:00 [INF] Executed DbCommand (0ms) [Parameters=[@__normalizedRoleName_0='?' (Size = 256)], CommandType='"Text"', CommandTimeout='30']
SELECT TOP(2) [a].[Id], [a].[ConcurrencyStamp], [a].[Name], [a].[NormalizedName]
FROM [AspNetRoles] AS [a]
WHERE [a].[NormalizedName] = @__normalizedRoleName_0
2025-08-11 15:55:54.516 +07:00 [INF] Executed DbCommand (1ms) [Parameters=[@__normalizedUserName_0='?' (Size = 256)], CommandType='"Text"', CommandTimeout='30']
SELECT TOP(1) [a].[Id], [a].[AccessFailedCount], [a].[AvatarUrl], [a].[Bio], [a].[ConcurrencyStamp], [a].[CreatedAt], [a].[DisplayName], [a].[Email], [a].[EmailConfirmed], [a].[IsOnline], [a].[LastActive], [a].[LockoutEnabled], [a].[LockoutEnd], [a].[NormalizedEmail], [a].[NormalizedUserName], [a].[PasswordHash], [a].[PhoneNumber], [a].[PhoneNumberConfirmed], [a].[SecurityStamp], [a].[TwoFactorEnabled], [a].[UserName]
FROM [AspNetUsers] AS [a]
WHERE [a].[NormalizedUserName] = @__normalizedUserName_0
2025-08-11 15:55:54.520 +07:00 [INF] Executed DbCommand (1ms) [Parameters=[@__normalizedEmail_0='?' (Size = 256)], CommandType='"Text"', CommandTimeout='30']
SELECT TOP(2) [a].[Id], [a].[AccessFailedCount], [a].[AvatarUrl], [a].[Bio], [a].[ConcurrencyStamp], [a].[CreatedAt], [a].[DisplayName], [a].[Email], [a].[EmailConfirmed], [a].[IsOnline], [a].[LastActive], [a].[LockoutEnabled], [a].[LockoutEnd], [a].[NormalizedEmail], [a].[NormalizedUserName], [a].[PasswordHash], [a].[PhoneNumber], [a].[PhoneNumberConfirmed], [a].[SecurityStamp], [a].[TwoFactorEnabled], [a].[UserName]
FROM [AspNetUsers] AS [a]
WHERE [a].[NormalizedEmail] = @__normalizedEmail_0
2025-08-11 15:55:54.563 +07:00 [INF] Executed DbCommand (13ms) [Parameters=[@p0='?' (Size = 450), @p1='?' (Size = 450), @p22='?' (Size = 450), @p2='?' (DbType = Int32), @p3='?' (Size = 4000), @p4='?' (Size = 4000), @p5='?' (Size = 4000), @p23='?' (Size = 4000), @p6='?' (DbType = DateTime2), @p7='?' (Size = 4000), @p8='?' (Size = 256), @p9='?' (DbType = Boolean), @p10='?' (DbType = Boolean), @p11='?' (DbType = DateTime2), @p12='?' (DbType = Boolean), @p13='?' (DbType = DateTimeOffset), @p14='?' (Size = 256), @p15='?' (Size = 256), @p16='?' (Size = 4000), @p17='?' (Size = 4000), @p18='?' (DbType = Boolean), @p19='?' (Size = 4000), @p20='?' (DbType = Boolean), @p21='?' (Size = 256)], CommandType='"Text"', CommandTimeout='30']
SET NOCOUNT ON;
INSERT INTO [AspNetUserRoles] ([RoleId], [UserId])
VALUES (@p0, @p1);
UPDATE [AspNetUsers] SET [AccessFailedCount] = @p2, [AvatarUrl] = @p3, [Bio] = @p4, [ConcurrencyStamp] = @p5, [CreatedAt] = @p6, [DisplayName] = @p7, [Email] = @p8, [EmailConfirmed] = @p9, [IsOnline] = @p10, [LastActive] = @p11, [LockoutEnabled] = @p12, [LockoutEnd] = @p13, [NormalizedEmail] = @p14, [NormalizedUserName] = @p15, [PasswordHash] = @p16, [PhoneNumber] = @p17, [PhoneNumberConfirmed] = @p18, [SecurityStamp] = @p19, [TwoFactorEnabled] = @p20, [UserName] = @p21
OUTPUT 1
WHERE [Id] = @p22 AND [ConcurrencyStamp] = @p23;
2025-08-11 15:55:54.607 +07:00 [INF] Executed DbCommand (4ms) [Parameters=[@__userId_0='?' (Size = 450)], CommandType='"Text"', CommandTimeout='30']
SELECT [a0].[Name]
FROM [AspNetUserRoles] AS [a]
INNER JOIN [AspNetRoles] AS [a0] ON [a].[RoleId] = [a0].[Id]
WHERE [a].[UserId] = @__userId_0
2025-08-11 15:56:20.376 +07:00 [WRN] CORS headers missing in response for GET /api/Admin/users
2025-08-11 15:56:30.839 +07:00 [INF] Executed DbCommand (8ms) [Parameters=[@__userId_0='?' (Size = 450)], CommandType='"Text"', CommandTimeout='30']
SELECT [c].[Id], [c].[CallerId], [c].[DurationSeconds], [c].[EndTime], [c].[RecipientId], [c].[StartTime], [c].[State], [c].[Type], [a].[Id], [a].[AccessFailedCount], [a].[AvatarUrl], [a].[Bio], [a].[ConcurrencyStamp], [a].[CreatedAt], [a].[DisplayName], [a].[Email], [a].[EmailConfirmed], [a].[IsOnline], [a].[LastActive], [a].[LockoutEnabled], [a].[LockoutEnd], [a].[NormalizedEmail], [a].[NormalizedUserName], [a].[PasswordHash], [a].[PhoneNumber], [a].[PhoneNumberConfirmed], [a].[SecurityStamp], [a].[TwoFactorEnabled], [a].[UserName], [a0].[Id], [a0].[AccessFailedCount], [a0].[AvatarUrl], [a0].[Bio], [a0].[ConcurrencyStamp], [a0].[CreatedAt], [a0].[DisplayName], [a0].[Email], [a0].[EmailConfirmed], [a0].[IsOnline], [a0].[LastActive], [a0].[LockoutEnabled], [a0].[LockoutEnd], [a0].[NormalizedEmail], [a0].[NormalizedUserName], [a0].[PasswordHash], [a0].[PhoneNumber], [a0].[PhoneNumberConfirmed], [a0].[SecurityStamp], [a0].[TwoFactorEnabled], [a0].[UserName]
FROM [CallLogs] AS [c]
INNER JOIN [AspNetUsers] AS [a] ON [c].[CallerId] = [a].[Id]
INNER JOIN [AspNetUsers] AS [a0] ON [c].[RecipientId] = [a0].[Id]
WHERE [c].[CallerId] = @__userId_0 OR [c].[RecipientId] = @__userId_0
ORDER BY [c].[StartTime] DESC
2025-08-11 15:56:30.856 +07:00 [WRN] CORS headers missing in response for GET /api/Calls
2025-08-11 15:56:40.743 +07:00 [INF] Executed DbCommand (6ms) [Parameters=[@__id_0='?' (Size = 450), @__userId_1='?' (Size = 450)], CommandType='"Text"', CommandTimeout='30']
SELECT TOP(1) [c].[Id], [c].[CallerId], [c].[DurationSeconds], [c].[EndTime], [c].[RecipientId], [c].[StartTime], [c].[State], [c].[Type], [a].[Id], [a].[AccessFailedCount], [a].[AvatarUrl], [a].[Bio], [a].[ConcurrencyStamp], [a].[CreatedAt], [a].[DisplayName], [a].[Email], [a].[EmailConfirmed], [a].[IsOnline], [a].[LastActive], [a].[LockoutEnabled], [a].[LockoutEnd], [a].[NormalizedEmail], [a].[NormalizedUserName], [a].[PasswordHash], [a].[PhoneNumber], [a].[PhoneNumberConfirmed], [a].[SecurityStamp], [a].[TwoFactorEnabled], [a].[UserName], [a0].[Id], [a0].[AccessFailedCount], [a0].[AvatarUrl], [a0].[Bio], [a0].[ConcurrencyStamp], [a0].[CreatedAt], [a0].[DisplayName], [a0].[Email], [a0].[EmailConfirmed], [a0].[IsOnline], [a0].[LastActive], [a0].[LockoutEnabled], [a0].[LockoutEnd], [a0].[NormalizedEmail], [a0].[NormalizedUserName], [a0].[PasswordHash], [a0].[PhoneNumber], [a0].[PhoneNumberConfirmed], [a0].[SecurityStamp], [a0].[TwoFactorEnabled], [a0].[UserName]
FROM [CallLogs] AS [c]
INNER JOIN [AspNetUsers] AS [a] ON [c].[CallerId] = [a].[Id]
INNER JOIN [AspNetUsers] AS [a0] ON [c].[RecipientId] = [a0].[Id]
WHERE [c].[Id] = @__id_0 AND ([c].[CallerId] = @__userId_1 OR [c].[RecipientId] = @__userId_1)
2025-08-11 15:56:40.758 +07:00 [WRN] CORS headers missing in response for GET /api/Calls/1
2025-08-11 15:56:47.905 +07:00 [INF] Executed DbCommand (6ms) [Parameters=[@__userId_0='?' (Size = 450)], CommandType='"Text"', CommandTimeout='30']
SELECT [f].[Id], [f].[CreatedAt], [f].[User1Id], [f].[User2Id], [a].[Id], [a].[AccessFailedCount], [a].[AvatarUrl], [a].[Bio], [a].[ConcurrencyStamp], [a].[CreatedAt], [a].[DisplayName], [a].[Email], [a].[EmailConfirmed], [a].[IsOnline], [a].[LastActive], [a].[LockoutEnabled], [a].[LockoutEnd], [a].[NormalizedEmail], [a].[NormalizedUserName], [a].[PasswordHash], [a].[PhoneNumber], [a].[PhoneNumberConfirmed], [a].[SecurityStamp], [a].[TwoFactorEnabled], [a].[UserName], [a0].[Id], [a0].[AccessFailedCount], [a0].[AvatarUrl], [a0].[Bio], [a0].[ConcurrencyStamp], [a0].[CreatedAt], [a0].[DisplayName], [a0].[Email], [a0].[EmailConfirmed], [a0].[IsOnline], [a0].[LastActive], [a0].[LockoutEnabled], [a0].[LockoutEnd], [a0].[NormalizedEmail], [a0].[NormalizedUserName], [a0].[PasswordHash], [a0].[PhoneNumber], [a0].[PhoneNumberConfirmed], [a0].[SecurityStamp], [a0].[TwoFactorEnabled], [a0].[UserName]
FROM [Friendships] AS [f]
INNER JOIN [AspNetUsers] AS [a] ON [f].[User1Id] = [a].[Id]
INNER JOIN [AspNetUsers] AS [a0] ON [f].[User2Id] = [a0].[Id]
WHERE [f].[User1Id] = @__userId_0 OR [f].[User2Id] = @__userId_0
2025-08-11 15:56:47.909 +07:00 [WRN] CORS headers missing in response for GET /api/Friends
2025-08-11 15:56:52.272 +07:00 [INF] Executed DbCommand (5ms) [Parameters=[@__userId_0='?' (Size = 450)], CommandType='"Text"', CommandTimeout='30']
SELECT [f].[Id], [f].[CreatedAt], [f].[FromUserId], [f].[RespondedAt], [f].[Status], [f].[ToUserId], [a].[Id], [a].[AccessFailedCount], [a].[AvatarUrl], [a].[Bio], [a].[ConcurrencyStamp], [a].[CreatedAt], [a].[DisplayName], [a].[Email], [a].[EmailConfirmed], [a].[IsOnline], [a].[LastActive], [a].[LockoutEnabled], [a].[LockoutEnd], [a].[NormalizedEmail], [a].[NormalizedUserName], [a].[PasswordHash], [a].[PhoneNumber], [a].[PhoneNumberConfirmed], [a].[SecurityStamp], [a].[TwoFactorEnabled], [a].[UserName], [a0].[Id], [a0].[AccessFailedCount], [a0].[AvatarUrl], [a0].[Bio], [a0].[ConcurrencyStamp], [a0].[CreatedAt], [a0].[DisplayName], [a0].[Email], [a0].[EmailConfirmed], [a0].[IsOnline], [a0].[LastActive], [a0].[LockoutEnabled], [a0].[LockoutEnd], [a0].[NormalizedEmail], [a0].[NormalizedUserName], [a0].[PasswordHash], [a0].[PhoneNumber], [a0].[PhoneNumberConfirmed], [a0].[SecurityStamp], [a0].[TwoFactorEnabled], [a0].[UserName]
FROM [FriendRequests] AS [f]
INNER JOIN [AspNetUsers] AS [a] ON [f].[FromUserId] = [a].[Id]
INNER JOIN [AspNetUsers] AS [a0] ON [f].[ToUserId] = [a0].[Id]
WHERE [f].[ToUserId] = @__userId_0 AND [f].[Status] = 0
2025-08-11 15:56:52.275 +07:00 [WRN] CORS headers missing in response for GET /api/Friends/requests
2025-08-11 15:57:18.677 +07:00 [INF] Executed DbCommand (2ms) [Parameters=[], CommandType='"Text"', CommandTimeout='30']
SELECT [a].[Id], COALESCE([a].[UserName], N'') AS [Username], [a].[DisplayName], [a].[AvatarUrl], [a].[IsOnline], [a].[LastActive], [a].[Bio]
FROM [AspNetUsers] AS [a]
2025-08-11 15:57:18.680 +07:00 [WRN] CORS headers missing in response for GET /api/Users
2025-08-11 15:57:27.656 +07:00 [INF] Executed DbCommand (6ms) [Parameters=[@__currentUserId_0='?' (Size = 450)], CommandType='"Text"', CommandTimeout='30']
SELECT [a].[Id], COALESCE([a].[UserName], N'') AS [Username], [a].[DisplayName], [a].[AvatarUrl], [a].[IsOnline], [a].[LastActive], [a].[Bio]
FROM [AspNetUsers] AS [a]
WHERE [a].[Id] <> @__currentUserId_0
2025-08-11 15:57:27.665 +07:00 [INF] Executed DbCommand (2ms) [Parameters=[@__p_0='?' (Size = 450)], CommandType='"Text"', CommandTimeout='30']
SELECT TOP(1) [a].[Id], [a].[AccessFailedCount], [a].[AvatarUrl], [a].[Bio], [a].[ConcurrencyStamp], [a].[CreatedAt], [a].[DisplayName], [a].[Email], [a].[EmailConfirmed], [a].[IsOnline], [a].[LastActive], [a].[LockoutEnabled], [a].[LockoutEnd], [a].[NormalizedEmail], [a].[NormalizedUserName], [a].[PasswordHash], [a].[PhoneNumber], [a].[PhoneNumberConfirmed], [a].[SecurityStamp], [a].[TwoFactorEnabled], [a].[UserName]
FROM [AspNetUsers] AS [a]
WHERE [a].[Id] = @__p_0
2025-08-11 15:57:27.672 +07:00 [INF] Executed DbCommand (2ms) [Parameters=[@__userId_0='?' (Size = 450)], CommandType='"Text"', CommandTimeout='30']
SELECT [a0].[Name]
FROM [AspNetUserRoles] AS [a]
INNER JOIN [AspNetRoles] AS [a0] ON [a].[RoleId] = [a0].[Id]
WHERE [a].[UserId] = @__userId_0
2025-08-11 15:57:27.676 +07:00 [INF] Executed DbCommand (1ms) [Parameters=[@__p_0='?' (Size = 450)], CommandType='"Text"', CommandTimeout='30']
SELECT TOP(1) [a].[Id], [a].[AccessFailedCount], [a].[AvatarUrl], [a].[Bio], [a].[ConcurrencyStamp], [a].[CreatedAt], [a].[DisplayName], [a].[Email], [a].[EmailConfirmed], [a].[IsOnline], [a].[LastActive], [a].[LockoutEnabled], [a].[LockoutEnd], [a].[NormalizedEmail], [a].[NormalizedUserName], [a].[PasswordHash], [a].[PhoneNumber], [a].[PhoneNumberConfirmed], [a].[SecurityStamp], [a].[TwoFactorEnabled], [a].[UserName]
FROM [AspNetUsers] AS [a]
WHERE [a].[Id] = @__p_0
2025-08-11 15:57:27.679 +07:00 [INF] Executed DbCommand (0ms) [Parameters=[@__userId_0='?' (Size = 450)], CommandType='"Text"', CommandTimeout='30']
SELECT [a0].[Name]
FROM [AspNetUserRoles] AS [a]
INNER JOIN [AspNetRoles] AS [a0] ON [a].[RoleId] = [a0].[Id]
WHERE [a].[UserId] = @__userId_0
2025-08-11 15:57:27.682 +07:00 [INF] Executed DbCommand (0ms) [Parameters=[@__p_0='?' (Size = 450)], CommandType='"Text"', CommandTimeout='30']
SELECT TOP(1) [a].[Id], [a].[AccessFailedCount], [a].[AvatarUrl], [a].[Bio], [a].[ConcurrencyStamp], [a].[CreatedAt], [a].[DisplayName], [a].[Email], [a].[EmailConfirmed], [a].[IsOnline], [a].[LastActive], [a].[LockoutEnabled], [a].[LockoutEnd], [a].[NormalizedEmail], [a].[NormalizedUserName], [a].[PasswordHash], [a].[PhoneNumber], [a].[PhoneNumberConfirmed], [a].[SecurityStamp], [a].[TwoFactorEnabled], [a].[UserName]
FROM [AspNetUsers] AS [a]
WHERE [a].[Id] = @__p_0
2025-08-11 15:57:27.685 +07:00 [INF] Executed DbCommand (0ms) [Parameters=[@__userId_0='?' (Size = 450)], CommandType='"Text"', CommandTimeout='30']
SELECT [a0].[Name]
FROM [AspNetUserRoles] AS [a]
INNER JOIN [AspNetRoles] AS [a0] ON [a].[RoleId] = [a0].[Id]
WHERE [a].[UserId] = @__userId_0
2025-08-11 15:57:27.689 +07:00 [INF] Executed DbCommand (1ms) [Parameters=[@__p_0='?' (Size = 450)], CommandType='"Text"', CommandTimeout='30']
SELECT TOP(1) [a].[Id], [a].[AccessFailedCount], [a].[AvatarUrl], [a].[Bio], [a].[ConcurrencyStamp], [a].[CreatedAt], [a].[DisplayName], [a].[Email], [a].[EmailConfirmed], [a].[IsOnline], [a].[LastActive], [a].[LockoutEnabled], [a].[LockoutEnd], [a].[NormalizedEmail], [a].[NormalizedUserName], [a].[PasswordHash], [a].[PhoneNumber], [a].[PhoneNumberConfirmed], [a].[SecurityStamp], [a].[TwoFactorEnabled], [a].[UserName]
FROM [AspNetUsers] AS [a]
WHERE [a].[Id] = @__p_0
2025-08-11 15:57:27.691 +07:00 [INF] Executed DbCommand (0ms) [Parameters=[@__userId_0='?' (Size = 450)], CommandType='"Text"', CommandTimeout='30']
SELECT [a0].[Name]
FROM [AspNetUserRoles] AS [a]
INNER JOIN [AspNetRoles] AS [a0] ON [a].[RoleId] = [a0].[Id]
WHERE [a].[UserId] = @__userId_0
2025-08-11 15:57:27.694 +07:00 [INF] Executed DbCommand (0ms) [Parameters=[@__p_0='?' (Size = 450)], CommandType='"Text"', CommandTimeout='30']
SELECT TOP(1) [a].[Id], [a].[AccessFailedCount], [a].[AvatarUrl], [a].[Bio], [a].[ConcurrencyStamp], [a].[CreatedAt], [a].[DisplayName], [a].[Email], [a].[EmailConfirmed], [a].[IsOnline], [a].[LastActive], [a].[LockoutEnabled], [a].[LockoutEnd], [a].[NormalizedEmail], [a].[NormalizedUserName], [a].[PasswordHash], [a].[PhoneNumber], [a].[PhoneNumberConfirmed], [a].[SecurityStamp], [a].[TwoFactorEnabled], [a].[UserName]
FROM [AspNetUsers] AS [a]
WHERE [a].[Id] = @__p_0
2025-08-11 15:57:27.697 +07:00 [INF] Executed DbCommand (0ms) [Parameters=[@__userId_0='?' (Size = 450)], CommandType='"Text"', CommandTimeout='30']
SELECT [a0].[Name]
FROM [AspNetUserRoles] AS [a]
INNER JOIN [AspNetRoles] AS [a0] ON [a].[RoleId] = [a0].[Id]
WHERE [a].[UserId] = @__userId_0
2025-08-11 15:57:27.700 +07:00 [INF] Executed DbCommand (0ms) [Parameters=[@__p_0='?' (Size = 450)], CommandType='"Text"', CommandTimeout='30']
SELECT TOP(1) [a].[Id], [a].[AccessFailedCount], [a].[AvatarUrl], [a].[Bio], [a].[ConcurrencyStamp], [a].[CreatedAt], [a].[DisplayName], [a].[Email], [a].[EmailConfirmed], [a].[IsOnline], [a].[LastActive], [a].[LockoutEnabled], [a].[LockoutEnd], [a].[NormalizedEmail], [a].[NormalizedUserName], [a].[PasswordHash], [a].[PhoneNumber], [a].[PhoneNumberConfirmed], [a].[SecurityStamp], [a].[TwoFactorEnabled], [a].[UserName]
FROM [AspNetUsers] AS [a]
WHERE [a].[Id] = @__p_0
2025-08-11 15:57:27.704 +07:00 [INF] Executed DbCommand (1ms) [Parameters=[@__userId_0='?' (Size = 450)], CommandType='"Text"', CommandTimeout='30']
SELECT [a0].[Name]
FROM [AspNetUserRoles] AS [a]
INNER JOIN [AspNetRoles] AS [a0] ON [a].[RoleId] = [a0].[Id]
WHERE [a].[UserId] = @__userId_0
2025-08-11 15:57:27.707 +07:00 [INF] Executed DbCommand (0ms) [Parameters=[@__p_0='?' (Size = 450)], CommandType='"Text"', CommandTimeout='30']
SELECT TOP(1) [a].[Id], [a].[AccessFailedCount], [a].[AvatarUrl], [a].[Bio], [a].[ConcurrencyStamp], [a].[CreatedAt], [a].[DisplayName], [a].[Email], [a].[EmailConfirmed], [a].[IsOnline], [a].[LastActive], [a].[LockoutEnabled], [a].[LockoutEnd], [a].[NormalizedEmail], [a].[NormalizedUserName], [a].[PasswordHash], [a].[PhoneNumber], [a].[PhoneNumberConfirmed], [a].[SecurityStamp], [a].[TwoFactorEnabled], [a].[UserName]
FROM [AspNetUsers] AS [a]
WHERE [a].[Id] = @__p_0
2025-08-11 15:57:27.709 +07:00 [INF] Executed DbCommand (0ms) [Parameters=[@__userId_0='?' (Size = 450)], CommandType='"Text"', CommandTimeout='30']
SELECT [a0].[Name]
FROM [AspNetUserRoles] AS [a]
INNER JOIN [AspNetRoles] AS [a0] ON [a].[RoleId] = [a0].[Id]
WHERE [a].[UserId] = @__userId_0
2025-08-11 15:57:27.713 +07:00 [INF] Executed DbCommand (1ms) [Parameters=[@__p_0='?' (Size = 450)], CommandType='"Text"', CommandTimeout='30']
SELECT TOP(1) [a].[Id], [a].[AccessFailedCount], [a].[AvatarUrl], [a].[Bio], [a].[ConcurrencyStamp], [a].[CreatedAt], [a].[DisplayName], [a].[Email], [a].[EmailConfirmed], [a].[IsOnline], [a].[LastActive], [a].[LockoutEnabled], [a].[LockoutEnd], [a].[NormalizedEmail], [a].[NormalizedUserName], [a].[PasswordHash], [a].[PhoneNumber], [a].[PhoneNumberConfirmed], [a].[SecurityStamp], [a].[TwoFactorEnabled], [a].[UserName]
FROM [AspNetUsers] AS [a]
WHERE [a].[Id] = @__p_0
2025-08-11 15:57:27.716 +07:00 [INF] Executed DbCommand (0ms) [Parameters=[@__userId_0='?' (Size = 450)], CommandType='"Text"', CommandTimeout='30']
SELECT [a0].[Name]
FROM [AspNetUserRoles] AS [a]
INNER JOIN [AspNetRoles] AS [a0] ON [a].[RoleId] = [a0].[Id]
WHERE [a].[UserId] = @__userId_0
2025-08-11 15:57:27.720 +07:00 [INF] Executed DbCommand (1ms) [Parameters=[@__p_0='?' (Size = 450)], CommandType='"Text"', CommandTimeout='30']
SELECT TOP(1) [a].[Id], [a].[AccessFailedCount], [a].[AvatarUrl], [a].[Bio], [a].[ConcurrencyStamp], [a].[CreatedAt], [a].[DisplayName], [a].[Email], [a].[EmailConfirmed], [a].[IsOnline], [a].[LastActive], [a].[LockoutEnabled], [a].[LockoutEnd], [a].[NormalizedEmail], [a].[NormalizedUserName], [a].[PasswordHash], [a].[PhoneNumber], [a].[PhoneNumberConfirmed], [a].[SecurityStamp], [a].[TwoFactorEnabled], [a].[UserName]
FROM [AspNetUsers] AS [a]
WHERE [a].[Id] = @__p_0
2025-08-11 15:57:27.724 +07:00 [INF] Executed DbCommand (0ms) [Parameters=[@__userId_0='?' (Size = 450)], CommandType='"Text"', CommandTimeout='30']
SELECT [a0].[Name]
FROM [AspNetUserRoles] AS [a]
INNER JOIN [AspNetRoles] AS [a0] ON [a].[RoleId] = [a0].[Id]
WHERE [a].[UserId] = @__userId_0
2025-08-11 15:57:27.726 +07:00 [INF] Executed DbCommand (0ms) [Parameters=[@__p_0='?' (Size = 450)], CommandType='"Text"', CommandTimeout='30']
SELECT TOP(1) [a].[Id], [a].[AccessFailedCount], [a].[AvatarUrl], [a].[Bio], [a].[ConcurrencyStamp], [a].[CreatedAt], [a].[DisplayName], [a].[Email], [a].[EmailConfirmed], [a].[IsOnline], [a].[LastActive], [a].[LockoutEnabled], [a].[LockoutEnd], [a].[NormalizedEmail], [a].[NormalizedUserName], [a].[PasswordHash], [a].[PhoneNumber], [a].[PhoneNumberConfirmed], [a].[SecurityStamp], [a].[TwoFactorEnabled], [a].[UserName]
FROM [AspNetUsers] AS [a]
WHERE [a].[Id] = @__p_0
2025-08-11 15:57:27.730 +07:00 [INF] Executed DbCommand (0ms) [Parameters=[@__userId_0='?' (Size = 450)], CommandType='"Text"', CommandTimeout='30']
SELECT [a0].[Name]
FROM [AspNetUserRoles] AS [a]
INNER JOIN [AspNetRoles] AS [a0] ON [a].[RoleId] = [a0].[Id]
WHERE [a].[UserId] = @__userId_0
2025-08-11 15:57:27.733 +07:00 [INF] Executed DbCommand (0ms) [Parameters=[@__p_0='?' (Size = 450)], CommandType='"Text"', CommandTimeout='30']
SELECT TOP(1) [a].[Id], [a].[AccessFailedCount], [a].[AvatarUrl], [a].[Bio], [a].[ConcurrencyStamp], [a].[CreatedAt], [a].[DisplayName], [a].[Email], [a].[EmailConfirmed], [a].[IsOnline], [a].[LastActive], [a].[LockoutEnabled], [a].[LockoutEnd], [a].[NormalizedEmail], [a].[NormalizedUserName], [a].[PasswordHash], [a].[PhoneNumber], [a].[PhoneNumberConfirmed], [a].[SecurityStamp], [a].[TwoFactorEnabled], [a].[UserName]
FROM [AspNetUsers] AS [a]
WHERE [a].[Id] = @__p_0
2025-08-11 15:57:27.736 +07:00 [INF] Executed DbCommand (1ms) [Parameters=[@__userId_0='?' (Size = 450)], CommandType='"Text"', CommandTimeout='30']
SELECT [a0].[Name]
FROM [AspNetUserRoles] AS [a]
INNER JOIN [AspNetRoles] AS [a0] ON [a].[RoleId] = [a0].[Id]
WHERE [a].[UserId] = @__userId_0
2025-08-11 15:57:27.740 +07:00 [INF] Executed DbCommand (0ms) [Parameters=[@__p_0='?' (Size = 450)], CommandType='"Text"', CommandTimeout='30']
SELECT TOP(1) [a].[Id], [a].[AccessFailedCount], [a].[AvatarUrl], [a].[Bio], [a].[ConcurrencyStamp], [a].[CreatedAt], [a].[DisplayName], [a].[Email], [a].[EmailConfirmed], [a].[IsOnline], [a].[LastActive], [a].[LockoutEnabled], [a].[LockoutEnd], [a].[NormalizedEmail], [a].[NormalizedUserName], [a].[PasswordHash], [a].[PhoneNumber], [a].[PhoneNumberConfirmed], [a].[SecurityStamp], [a].[TwoFactorEnabled], [a].[UserName]
FROM [AspNetUsers] AS [a]
WHERE [a].[Id] = @__p_0
2025-08-11 15:57:27.743 +07:00 [INF] Executed DbCommand (1ms) [Parameters=[@__userId_0='?' (Size = 450)], CommandType='"Text"', CommandTimeout='30']
SELECT [a0].[Name]
FROM [AspNetUserRoles] AS [a]
INNER JOIN [AspNetRoles] AS [a0] ON [a].[RoleId] = [a0].[Id]
WHERE [a].[UserId] = @__userId_0
2025-08-11 15:57:27.747 +07:00 [INF] Executed DbCommand (1ms) [Parameters=[@__p_0='?' (Size = 450)], CommandType='"Text"', CommandTimeout='30']
SELECT TOP(1) [a].[Id], [a].[AccessFailedCount], [a].[AvatarUrl], [a].[Bio], [a].[ConcurrencyStamp], [a].[CreatedAt], [a].[DisplayName], [a].[Email], [a].[EmailConfirmed], [a].[IsOnline], [a].[LastActive], [a].[LockoutEnabled], [a].[LockoutEnd], [a].[NormalizedEmail], [a].[NormalizedUserName], [a].[PasswordHash], [a].[PhoneNumber], [a].[PhoneNumberConfirmed], [a].[SecurityStamp], [a].[TwoFactorEnabled], [a].[UserName]
FROM [AspNetUsers] AS [a]
WHERE [a].[Id] = @__p_0
2025-08-11 15:57:27.750 +07:00 [INF] Executed DbCommand (0ms) [Parameters=[@__userId_0='?' (Size = 450)], CommandType='"Text"', CommandTimeout='30']
SELECT [a0].[Name]
FROM [AspNetUserRoles] AS [a]
INNER JOIN [AspNetRoles] AS [a0] ON [a].[RoleId] = [a0].[Id]
WHERE [a].[UserId] = @__userId_0
2025-08-11 15:57:27.753 +07:00 [INF] Executed DbCommand (1ms) [Parameters=[@__p_0='?' (Size = 450)], CommandType='"Text"', CommandTimeout='30']
SELECT TOP(1) [a].[Id], [a].[AccessFailedCount], [a].[AvatarUrl], [a].[Bio], [a].[ConcurrencyStamp], [a].[CreatedAt], [a].[DisplayName], [a].[Email], [a].[EmailConfirmed], [a].[IsOnline], [a].[LastActive], [a].[LockoutEnabled], [a].[LockoutEnd], [a].[NormalizedEmail], [a].[NormalizedUserName], [a].[PasswordHash], [a].[PhoneNumber], [a].[PhoneNumberConfirmed], [a].[SecurityStamp], [a].[TwoFactorEnabled], [a].[UserName]
FROM [AspNetUsers] AS [a]
WHERE [a].[Id] = @__p_0
2025-08-11 15:57:27.757 +07:00 [INF] Executed DbCommand (0ms) [Parameters=[@__userId_0='?' (Size = 450)], CommandType='"Text"', CommandTimeout='30']
SELECT [a0].[Name]
FROM [AspNetUserRoles] AS [a]
INNER JOIN [AspNetRoles] AS [a0] ON [a].[RoleId] = [a0].[Id]
WHERE [a].[UserId] = @__userId_0
2025-08-11 15:57:27.759 +07:00 [WRN] CORS headers missing in response for GET /api/Users/all-except-admin
2025-08-11 15:57:37.690 +07:00 [WRN] CORS headers missing in response for GET /api/Users/search
2025-08-11 15:57:46.941 +07:00 [INF] Executed DbCommand (17ms) [Parameters=[@__currentUserId_0='?' (Size = 450), @__q_1_rewritten='?' (Size = 256), @__q_1_rewritten_1='?' (Size = 4000)], CommandType='"Text"', CommandTimeout='30']
SELECT [a].[Id], COALESCE([a].[UserName], N'') AS [Username], [a].[DisplayName], [a].[AvatarUrl], [a].[IsOnline], [a].[LastActive], [a].[Bio]
FROM [AspNetUsers] AS [a]
WHERE ([a].[Id] <> @__currentUserId_0 AND [a].[UserName] IS NOT NULL AND [a].[UserName] LIKE @__q_1_rewritten ESCAPE N'\') OR ([a].[DisplayName] IS NOT NULL AND [a].[DisplayName] LIKE @__q_1_rewritten_1 ESCAPE N'\')
2025-08-11 15:57:46.947 +07:00 [INF] Executed DbCommand (2ms) [Parameters=[@__p_0='?' (Size = 450)], CommandType='"Text"', CommandTimeout='30']
SELECT TOP(1) [a].[Id], [a].[AccessFailedCount], [a].[AvatarUrl], [a].[Bio], [a].[ConcurrencyStamp], [a].[CreatedAt], [a].[DisplayName], [a].[Email], [a].[EmailConfirmed], [a].[IsOnline], [a].[LastActive], [a].[LockoutEnabled], [a].[LockoutEnd], [a].[NormalizedEmail], [a].[NormalizedUserName], [a].[PasswordHash], [a].[PhoneNumber], [a].[PhoneNumberConfirmed], [a].[SecurityStamp], [a].[TwoFactorEnabled], [a].[UserName]
FROM [AspNetUsers] AS [a]
WHERE [a].[Id] = @__p_0
2025-08-11 15:57:46.955 +07:00 [INF] Executed DbCommand (4ms) [Parameters=[@__userId_0='?' (Size = 450)], CommandType='"Text"', CommandTimeout='30']
SELECT [a0].[Name]
FROM [AspNetUserRoles] AS [a]
INNER JOIN [AspNetRoles] AS [a0] ON [a].[RoleId] = [a0].[Id]
WHERE [a].[UserId] = @__userId_0
2025-08-11 15:57:46.958 +07:00 [WRN] CORS headers missing in response for GET /api/Users/search
